<?xml version="1.0" encoding="UTF-8"?>
<!-- Generated by org.testng.reporters.JUnitXMLReporter -->
<testsuite ignored="0" hostname="DESKTOP-A7D4RAN" failures="0" tests="6" name="Default test" time="21.868" errors="0" timestamp="2025-07-13T18:39:23 IST">
  <testcase classname="api.test.DDTests" name="testPostUser" time="6.239"/>
  <testcase classname="api.test.DDTests" name="testPostUser" time="2.199"/>
  <testcase classname="api.test.DDTests" name="testPostUser" time="2.209"/>
  <testcase classname="api.test.DDTests" name="testDeleteUserByname" time="1.228"/>
  <testcase classname="api.test.DDTests" name="testDeleteUserByname" time="5.582"/>
  <testcase classname="api.test.DDTests" name="testDeleteUserByname" time="1.213"/>
</testsuite> <!-- Default test -->
