<?xml version="1.0" encoding="UTF-8"?>
<testsuite xmlns:xsi="http://www.w3.org/2001/XMLSchema-instance" xsi:noNamespaceSchemaLocation="https://maven.apache.org/surefire/maven-surefire-plugin/xsd/surefire-test-report.xsd" version="3.0.2" name="TestSuite" time="93.648" tests="36" errors="0" skipped="0" failures="0">
  <properties>
[...]
</properties>
  <testcase name="testPostUser" classname="api.test.UserTests" time="5.352">
    <system-out><![CDATA[Generated username: sandy.gutmann
Posting user: sandy.gutmann
HTTP/1.1 200 OK
Date: Sat, 19 Jul 2025 12:43:14 GMT
Content-Type: application/json
Transfer-Encoding: chunked
Connection: keep-alive
Access-Control-Allow-Origin: *
Access-Control-Allow-Methods: GET, POST, DELETE, PUT
Access-Control-Allow-Headers: Content-Type, api_key, Authorization
Server: Jetty(9.2.9.v20150224)

{
    "code": 200,
    "type": "unknown",
    "message": "1558103808"
}
]]></system-out>
    <system-err><![CDATA[SLF4J(W): No SLF4J providers were found.
SLF4J(W): Defaulting to no-operation (NOP) logger implementation
SLF4J(W): See https://www.slf4j.org/codes.html#noProviders for further details.
]]></system-err>
  </testcase>
  <testcase name="testGetUserByName" classname="api.test.UserTests" time="1.303">
    <system-out><![CDATA[Getting user: sandy.gutmann
Attempt 1: GET /user/sandy.gutmann => 200
HTTP/1.1 200 OK
Date: Sat, 19 Jul 2025 12:43:16 GMT
Content-Type: application/json
Transfer-Encoding: chunked
Connection: keep-alive
Access-Control-Allow-Origin: *
Access-Control-Allow-Methods: GET, POST, DELETE, PUT
Access-Control-Allow-Headers: Content-Type, api_key, Authorization
Server: Jetty(9.2.9.v20150224)

{
    "id": 1558103808,
    "username": "sandy.gutmann",
    "firstName": "Tajuana",
    "lastName": "Cassin",
    "email": "sallie.kreiger@example.com",
    "password": "rj4thvn",
    "phone": "1-810-177-4958",
    "userStatus": 1
}
]]></system-out>
  </testcase>
  <testcase name="testUpdateUserByName" classname="api.test.UserTests" time="4.856">
    <system-out><![CDATA[Updating user: sandy.gutmann
{
    "code": 200,
    "type": "unknown",
    "message": "1558103808"
}
]]></system-out>
  </testcase>
  <testcase name="testDeleteUserByName" classname="api.test.UserTests" time="2.378"/>
  <testcase name="testPostUser" classname="api.test.UserTests2" time="1.235">
    <system-out><![CDATA[Generated username: willetta.cruickshank
Posting user: willetta.cruickshank
HTTP/1.1 200 OK
Date: Sat, 19 Jul 2025 12:43:24 GMT
Content-Type: application/json
Transfer-Encoding: chunked
Connection: keep-alive
Access-Control-Allow-Origin: *
Access-Control-Allow-Methods: GET, POST, DELETE, PUT
Access-Control-Allow-Headers: Content-Type, api_key, Authorization
Server: Jetty(9.2.9.v20150224)

{
    "code": 200,
    "type": "unknown",
    "message": "1246335388"
}
]]></system-out>
  </testcase>
  <testcase name="testGetUserByName" classname="api.test.UserTests2" time="7.769">
    <system-out><![CDATA[Getting user: willetta.cruickshank
Attempt 1: GET /user/willetta.cruickshank => 404
Attempt 2: GET /user/willetta.cruickshank => 404
Attempt 3: GET /user/willetta.cruickshank => 200
HTTP/1.1 200 OK
Date: Sat, 19 Jul 2025 12:43:32 GMT
Content-Type: application/json
Transfer-Encoding: chunked
Connection: keep-alive
Access-Control-Allow-Origin: *
Access-Control-Allow-Methods: GET, POST, DELETE, PUT
Access-Control-Allow-Headers: Content-Type, api_key, Authorization
Server: Jetty(9.2.9.v20150224)

{
    "id": 1246335388,
    "username": "willetta.cruickshank",
    "firstName": "Ngan",
    "lastName": "Koss",
    "email": "nancey.kautzer@example.com",
    "password": "kjs2909",
    "phone": "1-321-623-3246",
    "userStatus": 1
}
]]></system-out>
  </testcase>
  <testcase name="testUpdateUserByName" classname="api.test.UserTests2" time="3.378">
    <system-out><![CDATA[Updating user: willetta.cruickshank
{
    "code": 200,
    "type": "unknown",
    "message": "1246335388"
}
]]></system-out>
  </testcase>
  <testcase name="testDeleteUserByName" classname="api.test.UserTests2" time="2.361"/>
  <testcase name="testPostUser[1010, testuser1, John, Canedy, a@gmail.com, test@1, 1234567897](1)" classname="api.test.DDTests" time="2.222">
    <system-out><![CDATA[Posting user: testuser1
]]></system-out>
  </testcase>
  <testcase name="testPostUser[1020, testuser2, Kim, Kom, b@gmail.com, test@2, 1234567897](2)" classname="api.test.DDTests" time="2.201">
    <system-out><![CDATA[Posting user: testuser2
]]></system-out>
  </testcase>
  <testcase name="testPostUser[1030, testuser3, Smith, Steve, c@gmail.com, test@3, 1234567897](3)" classname="api.test.DDTests" time="2.216">
    <system-out><![CDATA[Posting user: testuser3
]]></system-out>
  </testcase>
  <testcase name="testDeleteUserByname[testuser1](1)" classname="api.test.DDTests" time="1.19">
    <system-out><![CDATA[Attempt 1: DELETE /user/testuser1 => 200
]]></system-out>
  </testcase>
  <testcase name="testDeleteUserByname[testuser2](2)" classname="api.test.DDTests" time="1.169">
    <system-out><![CDATA[Attempt 1: DELETE /user/testuser2 => 200
]]></system-out>
  </testcase>
  <testcase name="testDeleteUserByname[testuser3](3)" classname="api.test.DDTests" time="3.367">
    <system-out><![CDATA[Attempt 1: DELETE /user/testuser3 => 404
Attempt 2: DELETE /user/testuser3 => 200
]]></system-out>
  </testcase>
  <testcase name="testDeletePetbyId" classname="api.test.PetTests" time="2.421">
    <system-out><![CDATA[Generated PetId : 1582
Deleting Pet ID: 1582
Delete Response Code: 404
Retry #1, Status: 404
Successfully confirmed deletion of Pet ID: 1582
]]></system-out>
  </testcase>
  <testcase name="testUpdatePet" classname="api.test.PetTests" time="1.306">
    <system-out><![CDATA[Updating pet : 1582
HTTP/1.1 200 OK
Date: Sat, 19 Jul 2025 12:43:57 GMT
Content-Type: application/json
Transfer-Encoding: chunked
Connection: keep-alive
Access-Control-Allow-Origin: *
Access-Control-Allow-Methods: GET, POST, DELETE, PUT
Access-Control-Allow-Headers: Content-Type, api_key, Authorization
Server: Jetty(9.2.9.v20150224)

{
    "id": 1582,
    "category": {
        "id": 80,
        "name": "Garden, Health & Industrial"
    },
    "name": "hedgehog",
    "photoUrls": [
        "www.rigoberto-feest.com"
    ],
    "tags": [
        {
            "id": 32,
            "name": "cyan"
        }
    ],
    "status": "available"
}
Executing [MethodName] for Pet ID: 1582
]]></system-out>
  </testcase>
  <testcase name="testPostPet" classname="api.test.PetTests" time="1.187">
    <system-out><![CDATA[Generated PetId : 1582
HTTP/1.1 200 OK
Date: Sat, 19 Jul 2025 12:43:58 GMT
Content-Type: application/json
Transfer-Encoding: chunked
Connection: keep-alive
Access-Control-Allow-Origin: *
Access-Control-Allow-Methods: GET, POST, DELETE, PUT
Access-Control-Allow-Headers: Content-Type, api_key, Authorization
Server: Jetty(9.2.9.v20150224)

{
    "id": 1582,
    "category": {
        "id": 80,
        "name": "Garden, Health & Industrial"
    },
    "name": "hedgehog",
    "photoUrls": [
        "www.rigoberto-feest.com"
    ],
    "tags": [
        {
            "id": 32,
            "name": "cyan"
        }
    ],
    "status": "available"
}
Executing [MethodName] for Pet ID: 1582
]]></system-out>
  </testcase>
  <testcase name="testGetPetById" classname="api.test.PetTests" time="1.245">
    <system-out><![CDATA[Getting Id : 1582
Attempt 1: GET /pet/1582=> 200
HTTP/1.1 200 OK
Date: Sat, 19 Jul 2025 12:44:00 GMT
Content-Type: application/json
Transfer-Encoding: chunked
Connection: keep-alive
Access-Control-Allow-Origin: *
Access-Control-Allow-Methods: GET, POST, DELETE, PUT
Access-Control-Allow-Headers: Content-Type, api_key, Authorization
Server: Jetty(9.2.9.v20150224)

{
    "id": 1582,
    "category": {
        "id": 80,
        "name": "Garden, Health & Industrial"
    },
    "name": "hedgehog",
    "photoUrls": [
        "www.rigoberto-feest.com"
    ],
    "tags": [
        {
            "id": 32,
            "name": "cyan"
        }
    ],
    "status": "available"
}
Executing [MethodName] for Pet ID: 1582
]]></system-out>
  </testcase>
  <testcase name="testDeletePetbyId" classname="api.test.PetTests2" time="2.363">
    <system-out><![CDATA[Generated PetId : 1729
Deleting Pet ID: 1729
Delete Response Code: 404
Retry #1, Status: 404
Successfully confirmed deletion of Pet ID: 1729
]]></system-out>
  </testcase>
  <testcase name="testUpdatePet" classname="api.test.PetTests2" time="1.271">
    <system-out><![CDATA[Updating pet : 1729
HTTP/1.1 200 OK
Date: Sat, 19 Jul 2025 12:44:03 GMT
Content-Type: application/json
Transfer-Encoding: chunked
Connection: keep-alive
Access-Control-Allow-Origin: *
Access-Control-Allow-Methods: GET, POST, DELETE, PUT
Access-Control-Allow-Headers: Content-Type, api_key, Authorization
Server: Jetty(9.2.9.v20150224)

{
    "id": 1729,
    "category": {
        "id": 84,
        "name": "Baby, Books & Health"
    },
    "name": "termite",
    "photoUrls": [
        "www.alfredo-shanahan.info"
    ],
    "tags": [
        {
            "id": 26,
            "name": "sky blue"
        }
    ],
    "status": "available"
}
Executing [MethodName] for Pet ID: 1729
]]></system-out>
  </testcase>
  <testcase name="testPostPet" classname="api.test.PetTests2" time="1.198">
    <system-out><![CDATA[Generated PetId : 1729
HTTP/1.1 200 OK
Date: Sat, 19 Jul 2025 12:44:04 GMT
Content-Type: application/json
Transfer-Encoding: chunked
Connection: keep-alive
Access-Control-Allow-Origin: *
Access-Control-Allow-Methods: GET, POST, DELETE, PUT
Access-Control-Allow-Headers: Content-Type, api_key, Authorization
Server: Jetty(9.2.9.v20150224)

{
    "id": 1729,
    "category": {
        "id": 84,
        "name": "Baby, Books & Health"
    },
    "name": "termite",
    "photoUrls": [
        "www.alfredo-shanahan.info"
    ],
    "tags": [
        {
            "id": 26,
            "name": "sky blue"
        }
    ],
    "status": "available"
}
Executing [MethodName] for Pet ID: 1729
]]></system-out>
  </testcase>
  <testcase name="testGetPetById" classname="api.test.PetTests2" time="4.32">
    <system-out><![CDATA[Getting Id : 1729
Attempt 1: GET /pet/1729=> 404
Attempt 2: GET /pet/1729=> 200
HTTP/1.1 200 OK
Date: Sat, 19 Jul 2025 12:44:09 GMT
Content-Type: application/json
Transfer-Encoding: chunked
Connection: keep-alive
Access-Control-Allow-Origin: *
Access-Control-Allow-Methods: GET, POST, DELETE, PUT
Access-Control-Allow-Headers: Content-Type, api_key, Authorization
Server: Jetty(9.2.9.v20150224)

{
    "id": 1729,
    "category": {
        "id": 84,
        "name": "Baby, Books & Health"
    },
    "name": "termite",
    "photoUrls": [
        "www.alfredo-shanahan.info"
    ],
    "tags": [
        {
            "id": 26,
            "name": "sky blue"
        }
    ],
    "status": "available"
}
Executing [MethodName] for Pet ID: 1729
]]></system-out>
  </testcase>
  <testcase name="testCreatePet[1001, Max, 10, Dog, available, 101, friendly, https://example.com/max.jpg, org.testng.TestRunner@3b847d31](1)" classname="api.test.DDTestsPet" time="1.218">
    <system-out><![CDATA[Reading cell [Row: 1, Col: 0] = 1001
Reading cell [Row: 1, Col: 1] = Max
Reading cell [Row: 1, Col: 2] = 10
Reading cell [Row: 1, Col: 3] = Dog
Reading cell [Row: 1, Col: 4] = available
Reading cell [Row: 1, Col: 5] = 101
Reading cell [Row: 1, Col: 6] = friendly
Reading cell [Row: 1, Col: 7] = https://example.com/max.jpg
Reading cell [Row: 2, Col: 0] = 1002
Reading cell [Row: 2, Col: 1] = Bella
Reading cell [Row: 2, Col: 2] = 20
Reading cell [Row: 2, Col: 3] = Cat
Reading cell [Row: 2, Col: 4] = pending
Reading cell [Row: 2, Col: 5] = 102
Reading cell [Row: 2, Col: 6] = cute
Reading cell [Row: 2, Col: 7] = https://example.com/bella.jpg
Reading cell [Row: 3, Col: 0] = 1003
Reading cell [Row: 3, Col: 1] = Charlie
Reading cell [Row: 3, Col: 2] = 30
Reading cell [Row: 3, Col: 3] = Bird
Reading cell [Row: 3, Col: 4] = sold
Reading cell [Row: 3, Col: 5] = 103
Reading cell [Row: 3, Col: 6] = talky
Reading cell [Row: 3, Col: 7] = https://example.com/charlie.jpg
Skipping blank row at Excel row index: 4
HTTP/1.1 200 OK
Date: Sat, 19 Jul 2025 12:44:11 GMT
Content-Type: application/json
Transfer-Encoding: chunked
Connection: keep-alive
Access-Control-Allow-Origin: *
Access-Control-Allow-Methods: GET, POST, DELETE, PUT
Access-Control-Allow-Headers: Content-Type, api_key, Authorization
Server: Jetty(9.2.9.v20150224)

{
    "id": 1001,
    "category": {
        "id": 10,
        "name": "Dog"
    },
    "name": "Max",
    "photoUrls": [
        "https://example.com/max.jpg"
    ],
    "tags": [
        {
            "id": 101,
            "name": "friendly"
        }
    ],
    "status": "available"
}
]]></system-out>
  </testcase>
  <testcase name="testCreatePet[1002, Bella, 20, Cat, pending, 102, cute, https://example.com/bella.jpg, org.testng.TestRunner@3b847d31](2)" classname="api.test.DDTestsPet" time="1.209">
    <system-out><![CDATA[HTTP/1.1 200 OK
Date: Sat, 19 Jul 2025 12:44:13 GMT
Content-Type: application/json
Transfer-Encoding: chunked
Connection: keep-alive
Access-Control-Allow-Origin: *
Access-Control-Allow-Methods: GET, POST, DELETE, PUT
Access-Control-Allow-Headers: Content-Type, api_key, Authorization
Server: Jetty(9.2.9.v20150224)

{
    "id": 1002,
    "category": {
        "id": 20,
        "name": "Cat"
    },
    "name": "Bella",
    "photoUrls": [
        "https://example.com/bella.jpg"
    ],
    "tags": [
        {
            "id": 102,
            "name": "cute"
        }
    ],
    "status": "pending"
}
]]></system-out>
  </testcase>
  <testcase name="testCreatePet[1003, Charlie, 30, Bird, sold, 103, talky, https://example.com/charlie.jpg, org.testng.TestRunner@3b847d31](3)" classname="api.test.DDTestsPet" time="1.178">
    <system-out><![CDATA[HTTP/1.1 200 OK
Date: Sat, 19 Jul 2025 12:44:14 GMT
Content-Type: application/json
Transfer-Encoding: chunked
Connection: keep-alive
Access-Control-Allow-Origin: *
Access-Control-Allow-Methods: GET, POST, DELETE, PUT
Access-Control-Allow-Headers: Content-Type, api_key, Authorization
Server: Jetty(9.2.9.v20150224)

{
    "id": 1003,
    "category": {
        "id": 30,
        "name": "Bird"
    },
    "name": "Charlie",
    "photoUrls": [
        "https://example.com/charlie.jpg"
    ],
    "tags": [
        {
            "id": 103,
            "name": "talky"
        }
    ],
    "status": "sold"
}
]]></system-out>
  </testcase>
  <testcase name="testDeletePetById[org.testng.TestRunner@3b847d31](1)" classname="api.test.DDTestsPet" time="2.345">
    <system-out><![CDATA[Deleting Pet ID: 1003
Retry #1 - Status: 404
]]></system-out>
  </testcase>
  <testcase name="testPostStore" classname="api.test.StoreTests" time="1.307">
    <system-out><![CDATA[Generated OrderId : 9544
Generated OrderId : 9544
Body:
{
    "id": 9544,
    "petId": 9046,
    "quantity": 2,
    "shipDate": "2025-07-19T18:14:17.3070476+05:30",
    "status": "approved",
    "complete": true
}
HTTP/1.1 200 OK
Date: Sat, 19 Jul 2025 12:44:19 GMT
Content-Type: application/json
Transfer-Encoding: chunked
Connection: keep-alive
Access-Control-Allow-Origin: *
Access-Control-Allow-Methods: GET, POST, DELETE, PUT
Access-Control-Allow-Headers: Content-Type, api_key, Authorization
Server: Jetty(9.2.9.v20150224)

{
    "id": 9544,
    "petId": 9046,
    "quantity": 2,
    "shipDate": "2025-07-19T12:44:17.307+0000",
    "status": "approved",
    "complete": true
}
HTTP/1.1 200 OK
Date: Sat, 19 Jul 2025 12:44:19 GMT
Content-Type: application/json
Transfer-Encoding: chunked
Connection: keep-alive
Access-Control-Allow-Origin: *
Access-Control-Allow-Methods: GET, POST, DELETE, PUT
Access-Control-Allow-Headers: Content-Type, api_key, Authorization
Server: Jetty(9.2.9.v20150224)

{
    "id": 9544,
    "petId": 9046,
    "quantity": 2,
    "shipDate": "2025-07-19T12:44:17.307+0000",
    "status": "approved",
    "complete": true
}
Executing testPostStore for Order Id : 9544
]]></system-out>
  </testcase>
  <testcase name="testGetStoreById" classname="api.test.StoreTests" time="1.161">
    <system-out><![CDATA[Getting Id : 9544
Attempt 1: GET /store/order9544=> 200
HTTP/1.1 200 OK
Date: Sat, 19 Jul 2025 12:44:20 GMT
Content-Type: application/json
Transfer-Encoding: chunked
Connection: keep-alive
Access-Control-Allow-Origin: *
Access-Control-Allow-Methods: GET, POST, DELETE, PUT
Access-Control-Allow-Headers: Content-Type, api_key, Authorization
Server: Jetty(9.2.9.v20150224)

{
    "id": 9544,
    "petId": 9046,
    "quantity": 2,
    "shipDate": "2025-07-19T12:44:17.307+0000",
    "status": "approved",
    "complete": true
}
Executing testGetStoreById for Order Id : 9544
]]></system-out>
  </testcase>
  <testcase name="testDeleteStoreById" classname="api.test.StoreTests" time="2.375">
    <system-out><![CDATA[Deleting Order Id : 9544
Delete Response code : 404
Retry #1, Status: 404
Successfully confirmed deletion of Order Id : 9544
]]></system-out>
  </testcase>
  <testcase name="testPostStore" classname="api.test.StoreTests2" time="1.199">
    <system-out><![CDATA[Generated OrderId : 5313
Generated OrderId : 5313
Body:
{
    "id": 5313,
    "petId": 8711,
    "quantity": 6,
    "shipDate": "2025-07-19T18:14:24.0639119+05:30",
    "status": "delivered",
    "complete": true
}
HTTP/1.1 200 OK
Date: Sat, 19 Jul 2025 12:44:25 GMT
Content-Type: application/json
Transfer-Encoding: chunked
Connection: keep-alive
Access-Control-Allow-Origin: *
Access-Control-Allow-Methods: GET, POST, DELETE, PUT
Access-Control-Allow-Headers: Content-Type, api_key, Authorization
Server: Jetty(9.2.9.v20150224)

{
    "id": 5313,
    "petId": 8711,
    "quantity": 6,
    "shipDate": "2025-07-19T12:44:24.063+0000",
    "status": "delivered",
    "complete": true
}
HTTP/1.1 200 OK
Date: Sat, 19 Jul 2025 12:44:25 GMT
Content-Type: application/json
Transfer-Encoding: chunked
Connection: keep-alive
Access-Control-Allow-Origin: *
Access-Control-Allow-Methods: GET, POST, DELETE, PUT
Access-Control-Allow-Headers: Content-Type, api_key, Authorization
Server: Jetty(9.2.9.v20150224)

{
    "id": 5313,
    "petId": 8711,
    "quantity": 6,
    "shipDate": "2025-07-19T12:44:24.063+0000",
    "status": "delivered",
    "complete": true
}
Executing testPostStore for Order Id : 5313
]]></system-out>
  </testcase>
  <testcase name="testGetStoreById" classname="api.test.StoreTests2" time="4.362">
    <system-out><![CDATA[Getting Id : 5313
Attempt 1: GET /store/order5313=> 404
Attempt 2: GET /store/order5313=> 200
HTTP/1.1 200 OK
Date: Sat, 19 Jul 2025 12:44:30 GMT
Content-Type: application/json
Transfer-Encoding: chunked
Connection: keep-alive
Access-Control-Allow-Origin: *
Access-Control-Allow-Methods: GET, POST, DELETE, PUT
Access-Control-Allow-Headers: Content-Type, api_key, Authorization
Server: Jetty(9.2.9.v20150224)

{
    "id": 5313,
    "petId": 8711,
    "quantity": 6,
    "shipDate": "2025-07-19T12:44:24.063+0000",
    "status": "delivered",
    "complete": true
}
Executing testGetStoreById for Order Id : 5313
]]></system-out>
  </testcase>
  <testcase name="testDeleteStoreById" classname="api.test.StoreTests2" time="2.407">
    <system-out><![CDATA[Deleting Order Id : 5313
Delete Response code : 200
Retry #1, Status: 404
Successfully confirmed deletion of Order Id : 5313
]]></system-out>
  </testcase>
  <testcase name="testCreateOrder[1001, 12, 3, 2025-07-18T13:10:00Z, placed, TRUE, org.testng.TestRunner@3b847d31](1)" classname="api.test.DDTestsStore" time="1.226">
    <system-out><![CDATA[Reading cell [Row: 1, Col: 0] = 1001
Reading cell [Row: 1, Col: 1] = 12
Reading cell [Row: 1, Col: 2] = 3
Reading cell [Row: 1, Col: 3] = 2025-07-18T13:10:00Z
Reading cell [Row: 1, Col: 4] = placed
Reading cell [Row: 1, Col: 5] = TRUE
Reading cell [Row: 2, Col: 0] = 1002
Reading cell [Row: 2, Col: 1] = 34
Reading cell [Row: 2, Col: 2] = 1
Reading cell [Row: 2, Col: 3] = 2025-07-18T15:30:00Z
Reading cell [Row: 2, Col: 4] = delivered
Reading cell [Row: 2, Col: 5] = FALSE
Reading cell [Row: 3, Col: 0] = 1003
Reading cell [Row: 3, Col: 1] = 56
Reading cell [Row: 3, Col: 2] = 5
Reading cell [Row: 3, Col: 3] = 2025-07-19T09:00:00+05:30
Reading cell [Row: 3, Col: 4] = approved
Reading cell [Row: 3, Col: 5] = TRUE
Body:
{
    "id": 1001,
    "petId": 12,
    "quantity": 3,
    "shipDate": "2025-07-18T13:10:00Z",
    "status": "placed",
    "complete": true
}
HTTP/1.1 200 OK
Date: Sat, 19 Jul 2025 12:44:34 GMT
Content-Type: application/json
Transfer-Encoding: chunked
Connection: keep-alive
Access-Control-Allow-Origin: *
Access-Control-Allow-Methods: GET, POST, DELETE, PUT
Access-Control-Allow-Headers: Content-Type, api_key, Authorization
Server: Jetty(9.2.9.v20150224)

{
    "id": 1001,
    "petId": 12,
    "quantity": 3,
    "shipDate": "2025-07-18T13:10:00.000+0000",
    "status": "placed",
    "complete": true
}
HTTP/1.1 200 OK
Date: Sat, 19 Jul 2025 12:44:34 GMT
Content-Type: application/json
Transfer-Encoding: chunked
Connection: keep-alive
Access-Control-Allow-Origin: *
Access-Control-Allow-Methods: GET, POST, DELETE, PUT
Access-Control-Allow-Headers: Content-Type, api_key, Authorization
Server: Jetty(9.2.9.v20150224)

{
    "id": 1001,
    "petId": 12,
    "quantity": 3,
    "shipDate": "2025-07-18T13:10:00.000+0000",
    "status": "placed",
    "complete": true
}
]]></system-out>
  </testcase>
  <testcase name="testCreateOrder[1002, 34, 1, 2025-07-18T15:30:00Z, delivered, FALSE, org.testng.TestRunner@3b847d31](2)" classname="api.test.DDTestsStore" time="1.196">
    <system-out><![CDATA[Body:
{
    "id": 1002,
    "petId": 34,
    "quantity": 1,
    "shipDate": "2025-07-18T15:30:00Z",
    "status": "delivered",
    "complete": false
}
HTTP/1.1 200 OK
Date: Sat, 19 Jul 2025 12:44:35 GMT
Content-Type: application/json
Transfer-Encoding: chunked
Connection: keep-alive
Access-Control-Allow-Origin: *
Access-Control-Allow-Methods: GET, POST, DELETE, PUT
Access-Control-Allow-Headers: Content-Type, api_key, Authorization
Server: Jetty(9.2.9.v20150224)

{
    "id": 1002,
    "petId": 34,
    "quantity": 1,
    "shipDate": "2025-07-18T15:30:00.000+0000",
    "status": "delivered",
    "complete": false
}
HTTP/1.1 200 OK
Date: Sat, 19 Jul 2025 12:44:35 GMT
Content-Type: application/json
Transfer-Encoding: chunked
Connection: keep-alive
Access-Control-Allow-Origin: *
Access-Control-Allow-Methods: GET, POST, DELETE, PUT
Access-Control-Allow-Headers: Content-Type, api_key, Authorization
Server: Jetty(9.2.9.v20150224)

{
    "id": 1002,
    "petId": 34,
    "quantity": 1,
    "shipDate": "2025-07-18T15:30:00.000+0000",
    "status": "delivered",
    "complete": false
}
]]></system-out>
  </testcase>
  <testcase name="testCreateOrder[1003, 56, 5, 2025-07-19T09:00:00+05:30, approved, TRUE, org.testng.TestRunner@3b847d31](3)" classname="api.test.DDTestsStore" time="1.177">
    <system-out><![CDATA[Body:
{
    "id": 1003,
    "petId": 56,
    "quantity": 5,
    "shipDate": "2025-07-19T09:00:00+05:30",
    "status": "approved",
    "complete": true
}
HTTP/1.1 200 OK
Date: Sat, 19 Jul 2025 12:44:36 GMT
Content-Type: application/json
Transfer-Encoding: chunked
Connection: keep-alive
Access-Control-Allow-Origin: *
Access-Control-Allow-Methods: GET, POST, DELETE, PUT
Access-Control-Allow-Headers: Content-Type, api_key, Authorization
Server: Jetty(9.2.9.v20150224)

{
    "id": 1003,
    "petId": 56,
    "quantity": 5,
    "shipDate": "2025-07-19T03:30:00.000+0000",
    "status": "approved",
    "complete": true
}
HTTP/1.1 200 OK
Date: Sat, 19 Jul 2025 12:44:36 GMT
Content-Type: application/json
Transfer-Encoding: chunked
Connection: keep-alive
Access-Control-Allow-Origin: *
Access-Control-Allow-Methods: GET, POST, DELETE, PUT
Access-Control-Allow-Headers: Content-Type, api_key, Authorization
Server: Jetty(9.2.9.v20150224)

{
    "id": 1003,
    "petId": 56,
    "quantity": 5,
    "shipDate": "2025-07-19T03:30:00.000+0000",
    "status": "approved",
    "complete": true
}
]]></system-out>
  </testcase>
  <testcase name="testDeleteOrderById[org.testng.TestRunner@3b847d31](1)" classname="api.test.DDTestsStore" time="2.349">
    <system-out><![CDATA[Deleting Order Id : 1003
Retry #1 - Status: 404
Final status after deletion retries: 404
]]></system-out>
  </testcase>
</testsuite>