<?xml version="1.0" encoding="UTF-8"?>
<testsuite xmlns:xsi="http://www.w3.org/2001/XMLSchema-instance" xsi:noNamespaceSchemaLocation="https://maven.apache.org/surefire/maven-surefire-plugin/xsd/surefire-test-report.xsd" version="3.0.2" name="TestSuite" time="48.531" tests="14" errors="0" skipped="0" failures="0">
  <properties>
[...]
</properties>
  <testcase name="testPostUser" classname="api.test.UserTests" time="5.131">
    <system-out><![CDATA[Generated username: jarrett.batz
Posting user: jarrett.batz
HTTP/1.1 200 OK
Date: Sat, 19 Jul 2025 14:11:45 GMT
Content-Type: application/json
Transfer-Encoding: chunked
Connection: keep-alive
Access-Control-Allow-Origin: *
Access-Control-Allow-Methods: GET, POST, DELETE, PUT
Access-Control-Allow-Headers: Content-Type, api_key, Authorization
Server: Jetty(9.2.9.v20150224)

{
    "code": 200,
    "type": "unknown",
    "message": "302366050"
}
]]></system-out>
    <system-err><![CDATA[SLF4J(W): No SLF4J providers were found.
SLF4J(W): Defaulting to no-operation (NOP) logger implementation
SLF4J(W): See https://www.slf4j.org/codes.html#noProviders for further details.
]]></system-err>
  </testcase>
  <testcase name="testGetUserByName" classname="api.test.UserTests" time="1.432">
    <system-out><![CDATA[Getting user: jarrett.batz
Attempt 1: GET /user/jarrett.batz => 200
HTTP/1.1 200 OK
Date: Sat, 19 Jul 2025 14:11:47 GMT
Content-Type: application/json
Transfer-Encoding: chunked
Connection: keep-alive
Access-Control-Allow-Origin: *
Access-Control-Allow-Methods: GET, POST, DELETE, PUT
Access-Control-Allow-Headers: Content-Type, api_key, Authorization
Server: Jetty(9.2.9.v20150224)

{
    "id": 302366050,
    "username": "jarrett.batz",
    "firstName": "Jerrold",
    "lastName": "Kris",
    "email": "lonny.braun@example.com",
    "password": "wttwzm9v7",
    "phone": "572.127.8980",
    "userStatus": 1
}
]]></system-out>
  </testcase>
  <testcase name="testUpdateUserByName" classname="api.test.UserTests" time="4.783">
    <system-out><![CDATA[Updating user: jarrett.batz
{
    "code": 200,
    "type": "unknown",
    "message": "302366050"
}
]]></system-out>
  </testcase>
  <testcase name="testDeleteUserByName" classname="api.test.UserTests" time="2.414"/>
  <testcase name="testPostUser" classname="api.test.UserTests2" time="1.233">
    <system-out><![CDATA[Generated username: hunter.friesen
Posting user: hunter.friesen
HTTP/1.1 200 OK
Date: Sat, 19 Jul 2025 14:11:56 GMT
Content-Type: application/json
Transfer-Encoding: chunked
Connection: keep-alive
Access-Control-Allow-Origin: *
Access-Control-Allow-Methods: GET, POST, DELETE, PUT
Access-Control-Allow-Headers: Content-Type, api_key, Authorization
Server: Jetty(9.2.9.v20150224)

{
    "code": 200,
    "type": "unknown",
    "message": "1120514542"
}
]]></system-out>
  </testcase>
  <testcase name="testGetUserByName" classname="api.test.UserTests2" time="7.752">
    <system-out><![CDATA[Getting user: hunter.friesen
Attempt 1: GET /user/hunter.friesen => 404
Attempt 2: GET /user/hunter.friesen => 404
Attempt 3: GET /user/hunter.friesen => 200
HTTP/1.1 200 OK
Date: Sat, 19 Jul 2025 14:12:03 GMT
Content-Type: application/json
Transfer-Encoding: chunked
Connection: keep-alive
Access-Control-Allow-Origin: *
Access-Control-Allow-Methods: GET, POST, DELETE, PUT
Access-Control-Allow-Headers: Content-Type, api_key, Authorization
Server: Jetty(9.2.9.v20150224)

{
    "id": 1120514542,
    "username": "hunter.friesen",
    "firstName": "Joseph",
    "lastName": "Jacobi",
    "email": "bryon.hettinger@example.com",
    "password": "7pxjn",
    "phone": "627-108-3776",
    "userStatus": 1
}
]]></system-out>
  </testcase>
  <testcase name="testUpdateUserByName" classname="api.test.UserTests2" time="2.417">
    <system-out><![CDATA[Updating user: hunter.friesen
{
    "code": 200,
    "type": "unknown",
    "message": "1120514542"
}
]]></system-out>
  </testcase>
  <testcase name="testDeleteUserByName" classname="api.test.UserTests2" time="4.632">
    <system-out><![CDATA[Attempt 1: DELETE failed, status: 404
]]></system-out>
  </testcase>
  <testcase name="testPostUser[1010, testuser1, John, Canedy, a@gmail.com, test@1, 1234567897](1)" classname="api.test.DDTests" time="2.181">
    <system-out><![CDATA[Posting user: testuser1
]]></system-out>
  </testcase>
  <testcase name="testPostUser[1020, testuser2, Kim, Kom, b@gmail.com, test@2, 1234567897](2)" classname="api.test.DDTests" time="2.215">
    <system-out><![CDATA[Posting user: testuser2
]]></system-out>
  </testcase>
  <testcase name="testPostUser[1030, testuser3, Smith, Steve, c@gmail.com, test@3, 1234567897](3)" classname="api.test.DDTests" time="2.191">
    <system-out><![CDATA[Posting user: testuser3
]]></system-out>
  </testcase>
  <testcase name="testDeleteUserByname[testuser1](1)" classname="api.test.DDTests" time="3.445">
    <system-out><![CDATA[Attempt 1: DELETE /user/testuser1 => 404
Attempt 2: DELETE /user/testuser1 => 200
]]></system-out>
  </testcase>
  <testcase name="testDeleteUserByname[testuser2](2)" classname="api.test.DDTests" time="1.229">
    <system-out><![CDATA[Attempt 1: DELETE /user/testuser2 => 200
]]></system-out>
  </testcase>
  <testcase name="testDeleteUserByname[testuser3](3)" classname="api.test.DDTests" time="1.162">
    <system-out><![CDATA[Attempt 1: DELETE /user/testuser3 => 200
]]></system-out>
  </testcase>
</testsuite>