<?xml version="1.0" encoding="UTF-8"?>
<testng-results ignored="0" total="36" passed="36" failed="0" skipped="0">
  <reporter-output>
  </reporter-output>
  <suite started-at="2025-07-19T18:13:06 IST" name="PetSuite" finished-at="2025-07-19T18:14:38 IST" duration-ms="91669">
    <groups>
    </groups>
    <test started-at="2025-07-19T18:13:06 IST" name="PetTests" finished-at="2025-07-19T18:14:38 IST" duration-ms="91669">
      <class name="api.test.StoreTests2">
        <test-method is-config="true" signature="setUp()[pri:0, instance:api.test.StoreTests2@55183b20]" started-at="2025-07-19T18:14:22 IST" name="setUp" finished-at="2025-07-19T18:14:24 IST" duration-ms="1935" status="PASS">
          <reporter-output>
          </reporter-output>
        </test-method> <!-- setUp -->
        <test-method signature="testPostStore()[pri:1, instance:api.test.StoreTests2@55183b20]" started-at="2025-07-19T18:14:24 IST" name="testPostStore" finished-at="2025-07-19T18:14:25 IST" duration-ms="1175" status="PASS">
          <reporter-output>
          </reporter-output>
        </test-method> <!-- testPostStore -->
        <test-method signature="testGetStoreById()[pri:2, instance:api.test.StoreTests2@55183b20]" started-at="2025-07-19T18:14:25 IST" name="testGetStoreById" finished-at="2025-07-19T18:14:29 IST" duration-ms="4371" status="PASS">
          <reporter-output>
          </reporter-output>
        </test-method> <!-- testGetStoreById -->
        <test-method signature="testDeleteStoreById()[pri:3, instance:api.test.StoreTests2@55183b20]" started-at="2025-07-19T18:14:29 IST" name="testDeleteStoreById" finished-at="2025-07-19T18:14:32 IST" duration-ms="2415" status="PASS">
          <reporter-output>
          </reporter-output>
        </test-method> <!-- testDeleteStoreById -->
      </class> <!-- api.test.StoreTests2 -->
      <class name="api.test.DDTestsPet">
        <test-method signature="testCreatePet(java.lang.String,java.lang.String,java.lang.String,java.lang.String,java.lang.String,java.lang.String,java.lang.String,java.lang.String,org.testng.ITestContext)[pri:1, instance:api.test.DDTestsPet@35e2d654]" started-at="2025-07-19T18:14:10 IST" name="testCreatePet" data-provider="petData" finished-at="2025-07-19T18:14:11 IST" duration-ms="1186" status="PASS">
          <params>
            <param index="0">
              <value>
                <![CDATA[1001]]>
              </value>
            </param>
            <param index="1">
              <value>
                <![CDATA[Max]]>
              </value>
            </param>
            <param index="2">
              <value>
                <![CDATA[10]]>
              </value>
            </param>
            <param index="3">
              <value>
                <![CDATA[Dog]]>
              </value>
            </param>
            <param index="4">
              <value>
                <![CDATA[available]]>
              </value>
            </param>
            <param index="5">
              <value>
                <![CDATA[101]]>
              </value>
            </param>
            <param index="6">
              <value>
                <![CDATA[friendly]]>
              </value>
            </param>
            <param index="7">
              <value>
                <![CDATA[https://example.com/max.jpg]]>
              </value>
            </param>
            <param index="8">
              <value>
                <![CDATA[org.testng.TestRunner@3b847d31]]>
              </value>
            </param>
          </params>
          <reporter-output>
          </reporter-output>
        </test-method> <!-- testCreatePet -->
        <test-method signature="testCreatePet(java.lang.String,java.lang.String,java.lang.String,java.lang.String,java.lang.String,java.lang.String,java.lang.String,java.lang.String,org.testng.ITestContext)[pri:1, instance:api.test.DDTestsPet@35e2d654]" started-at="2025-07-19T18:14:11 IST" name="testCreatePet" data-provider="petData" finished-at="2025-07-19T18:14:12 IST" duration-ms="1211" status="PASS">
          <params>
            <param index="0">
              <value>
                <![CDATA[1002]]>
              </value>
            </param>
            <param index="1">
              <value>
                <![CDATA[Bella]]>
              </value>
            </param>
            <param index="2">
              <value>
                <![CDATA[20]]>
              </value>
            </param>
            <param index="3">
              <value>
                <![CDATA[Cat]]>
              </value>
            </param>
            <param index="4">
              <value>
                <![CDATA[pending]]>
              </value>
            </param>
            <param index="5">
              <value>
                <![CDATA[102]]>
              </value>
            </param>
            <param index="6">
              <value>
                <![CDATA[cute]]>
              </value>
            </param>
            <param index="7">
              <value>
                <![CDATA[https://example.com/bella.jpg]]>
              </value>
            </param>
            <param index="8">
              <value>
                <![CDATA[org.testng.TestRunner@3b847d31]]>
              </value>
            </param>
          </params>
          <reporter-output>
          </reporter-output>
        </test-method> <!-- testCreatePet -->
        <test-method signature="testCreatePet(java.lang.String,java.lang.String,java.lang.String,java.lang.String,java.lang.String,java.lang.String,java.lang.String,java.lang.String,org.testng.ITestContext)[pri:1, instance:api.test.DDTestsPet@35e2d654]" started-at="2025-07-19T18:14:12 IST" name="testCreatePet" data-provider="petData" finished-at="2025-07-19T18:14:13 IST" duration-ms="1220" status="PASS">
          <params>
            <param index="0">
              <value>
                <![CDATA[1003]]>
              </value>
            </param>
            <param index="1">
              <value>
                <![CDATA[Charlie]]>
              </value>
            </param>
            <param index="2">
              <value>
                <![CDATA[30]]>
              </value>
            </param>
            <param index="3">
              <value>
                <![CDATA[Bird]]>
              </value>
            </param>
            <param index="4">
              <value>
                <![CDATA[sold]]>
              </value>
            </param>
            <param index="5">
              <value>
                <![CDATA[103]]>
              </value>
            </param>
            <param index="6">
              <value>
                <![CDATA[talky]]>
              </value>
            </param>
            <param index="7">
              <value>
                <![CDATA[https://example.com/charlie.jpg]]>
              </value>
            </param>
            <param index="8">
              <value>
                <![CDATA[org.testng.TestRunner@3b847d31]]>
              </value>
            </param>
          </params>
          <reporter-output>
          </reporter-output>
        </test-method> <!-- testCreatePet -->
        <test-method signature="testDeletePetById(org.testng.ITestContext)[pri:2, instance:api.test.DDTestsPet@35e2d654]" started-at="2025-07-19T18:14:13 IST" name="testDeletePetById" finished-at="2025-07-19T18:14:16 IST" duration-ms="2351" status="PASS">
          <params>
            <param index="0">
              <value>
                <![CDATA[org.testng.TestRunner@3b847d31]]>
              </value>
            </param>
          </params>
          <reporter-output>
          </reporter-output>
        </test-method> <!-- testDeletePetById -->
      </class> <!-- api.test.DDTestsPet -->
      <class name="api.test.UserTests2">
        <test-method is-config="true" signature="setup()[pri:0, instance:api.test.UserTests2@72967906]" started-at="2025-07-19T18:13:22 IST" name="setup" finished-at="2025-07-19T18:13:23 IST" duration-ms="150" status="PASS">
          <reporter-output>
          </reporter-output>
        </test-method> <!-- setup -->
        <test-method signature="testPostUser()[pri:1, instance:api.test.UserTests2@72967906]" started-at="2025-07-19T18:13:23 IST" name="testPostUser" finished-at="2025-07-19T18:13:24 IST" duration-ms="1210" status="PASS">
          <reporter-output>
          </reporter-output>
        </test-method> <!-- testPostUser -->
        <test-method signature="testGetUserByName()[pri:2, instance:api.test.UserTests2@72967906]" started-at="2025-07-19T18:13:24 IST" name="testGetUserByName" finished-at="2025-07-19T18:13:32 IST" duration-ms="7718" status="PASS">
          <reporter-output>
          </reporter-output>
        </test-method> <!-- testGetUserByName -->
        <test-method signature="testUpdateUserByName()[pri:3, instance:api.test.UserTests2@72967906]" started-at="2025-07-19T18:13:32 IST" name="testUpdateUserByName" finished-at="2025-07-19T18:13:35 IST" duration-ms="3448" status="PASS">
          <reporter-output>
          </reporter-output>
        </test-method> <!-- testUpdateUserByName -->
        <test-method signature="testDeleteUserByName()[pri:4, instance:api.test.UserTests2@72967906]" started-at="2025-07-19T18:13:35 IST" name="testDeleteUserByName" finished-at="2025-07-19T18:13:37 IST" duration-ms="2367" status="PASS">
          <reporter-output>
          </reporter-output>
        </test-method> <!-- testDeleteUserByName -->
      </class> <!-- api.test.UserTests2 -->
      <class name="api.test.UserTests">
        <test-method is-config="true" signature="setup()[pri:0, instance:api.test.UserTests@4efbca5a]" started-at="2025-07-19T18:13:07 IST" name="setup" finished-at="2025-07-19T18:13:09 IST" duration-ms="1616" status="PASS">
          <reporter-output>
          </reporter-output>
        </test-method> <!-- setup -->
        <test-method signature="testPostUser()[pri:1, instance:api.test.UserTests@4efbca5a]" started-at="2025-07-19T18:13:09 IST" name="testPostUser" finished-at="2025-07-19T18:13:14 IST" duration-ms="5337" status="PASS">
          <reporter-output>
          </reporter-output>
        </test-method> <!-- testPostUser -->
        <test-method signature="testGetUserByName()[pri:2, instance:api.test.UserTests@4efbca5a]" started-at="2025-07-19T18:13:14 IST" name="testGetUserByName" finished-at="2025-07-19T18:13:15 IST" duration-ms="1254" status="PASS">
          <reporter-output>
          </reporter-output>
        </test-method> <!-- testGetUserByName -->
        <test-method signature="testUpdateUserByName()[pri:3, instance:api.test.UserTests@4efbca5a]" started-at="2025-07-19T18:13:15 IST" name="testUpdateUserByName" finished-at="2025-07-19T18:13:20 IST" duration-ms="4881" status="PASS">
          <reporter-output>
          </reporter-output>
        </test-method> <!-- testUpdateUserByName -->
        <test-method signature="testDeleteUserByName()[pri:4, instance:api.test.UserTests@4efbca5a]" started-at="2025-07-19T18:13:20 IST" name="testDeleteUserByName" finished-at="2025-07-19T18:13:22 IST" duration-ms="2390" status="PASS">
          <reporter-output>
          </reporter-output>
        </test-method> <!-- testDeleteUserByName -->
      </class> <!-- api.test.UserTests -->
      <class name="api.test.PetTests">
        <test-method is-config="true" signature="setUp()[pri:0, instance:api.test.PetTests@2f9f7dcf]" started-at="2025-07-19T18:13:53 IST" name="setUp" finished-at="2025-07-19T18:13:53 IST" duration-ms="350" status="PASS">
          <reporter-output>
          </reporter-output>
        </test-method> <!-- setUp -->
        <test-method signature="testDeletePetbyId()[pri:0, instance:api.test.PetTests@2f9f7dcf]" started-at="2025-07-19T18:13:53 IST" name="testDeletePetbyId" finished-at="2025-07-19T18:13:55 IST" duration-ms="2378" status="PASS">
          <reporter-output>
          </reporter-output>
        </test-method> <!-- testDeletePetbyId -->
        <test-method signature="testUpdatePet()[pri:0, instance:api.test.PetTests@2f9f7dcf]" started-at="2025-07-19T18:13:55 IST" name="testUpdatePet" finished-at="2025-07-19T18:13:57 IST" duration-ms="1334" status="PASS">
          <reporter-output>
          </reporter-output>
        </test-method> <!-- testUpdatePet -->
        <test-method signature="testPostPet()[pri:1, instance:api.test.PetTests@2f9f7dcf]" started-at="2025-07-19T18:13:57 IST" name="testPostPet" finished-at="2025-07-19T18:13:58 IST" duration-ms="1166" status="PASS">
          <reporter-output>
          </reporter-output>
        </test-method> <!-- testPostPet -->
        <test-method signature="testGetPetById()[pri:2, instance:api.test.PetTests@2f9f7dcf]" started-at="2025-07-19T18:13:58 IST" name="testGetPetById" finished-at="2025-07-19T18:13:59 IST" duration-ms="1200" status="PASS">
          <reporter-output>
          </reporter-output>
        </test-method> <!-- testGetPetById -->
      </class> <!-- api.test.PetTests -->
      <class name="api.test.DDTestsStore">
        <test-method signature="testCreateOrder(java.lang.String,java.lang.String,java.lang.String,java.lang.String,java.lang.String,java.lang.String,org.testng.ITestContext)[pri:1, instance:api.test.DDTestsStore@4f83df68]" started-at="2025-07-19T18:14:32 IST" name="testCreateOrder" data-provider="storeData" finished-at="2025-07-19T18:14:33 IST" duration-ms="1189" status="PASS">
          <params>
            <param index="0">
              <value>
                <![CDATA[1001]]>
              </value>
            </param>
            <param index="1">
              <value>
                <![CDATA[12]]>
              </value>
            </param>
            <param index="2">
              <value>
                <![CDATA[3]]>
              </value>
            </param>
            <param index="3">
              <value>
                <![CDATA[2025-07-18T13:10:00Z]]>
              </value>
            </param>
            <param index="4">
              <value>
                <![CDATA[placed]]>
              </value>
            </param>
            <param index="5">
              <value>
                <![CDATA[TRUE]]>
              </value>
            </param>
            <param index="6">
              <value>
                <![CDATA[org.testng.TestRunner@3b847d31]]>
              </value>
            </param>
          </params>
          <reporter-output>
          </reporter-output>
        </test-method> <!-- testCreateOrder -->
        <test-method signature="testCreateOrder(java.lang.String,java.lang.String,java.lang.String,java.lang.String,java.lang.String,java.lang.String,org.testng.ITestContext)[pri:1, instance:api.test.DDTestsStore@4f83df68]" started-at="2025-07-19T18:14:33 IST" name="testCreateOrder" data-provider="storeData" finished-at="2025-07-19T18:14:34 IST" duration-ms="1177" status="PASS">
          <params>
            <param index="0">
              <value>
                <![CDATA[1002]]>
              </value>
            </param>
            <param index="1">
              <value>
                <![CDATA[34]]>
              </value>
            </param>
            <param index="2">
              <value>
                <![CDATA[1]]>
              </value>
            </param>
            <param index="3">
              <value>
                <![CDATA[2025-07-18T15:30:00Z]]>
              </value>
            </param>
            <param index="4">
              <value>
                <![CDATA[delivered]]>
              </value>
            </param>
            <param index="5">
              <value>
                <![CDATA[FALSE]]>
              </value>
            </param>
            <param index="6">
              <value>
                <![CDATA[org.testng.TestRunner@3b847d31]]>
              </value>
            </param>
          </params>
          <reporter-output>
          </reporter-output>
        </test-method> <!-- testCreateOrder -->
        <test-method signature="testCreateOrder(java.lang.String,java.lang.String,java.lang.String,java.lang.String,java.lang.String,java.lang.String,org.testng.ITestContext)[pri:1, instance:api.test.DDTestsStore@4f83df68]" started-at="2025-07-19T18:14:34 IST" name="testCreateOrder" data-provider="storeData" finished-at="2025-07-19T18:14:36 IST" duration-ms="1206" status="PASS">
          <params>
            <param index="0">
              <value>
                <![CDATA[1003]]>
              </value>
            </param>
            <param index="1">
              <value>
                <![CDATA[56]]>
              </value>
            </param>
            <param index="2">
              <value>
                <![CDATA[5]]>
              </value>
            </param>
            <param index="3">
              <value>
                <![CDATA[2025-07-19T09:00:00+05:30]]>
              </value>
            </param>
            <param index="4">
              <value>
                <![CDATA[approved]]>
              </value>
            </param>
            <param index="5">
              <value>
                <![CDATA[TRUE]]>
              </value>
            </param>
            <param index="6">
              <value>
                <![CDATA[org.testng.TestRunner@3b847d31]]>
              </value>
            </param>
          </params>
          <reporter-output>
          </reporter-output>
        </test-method> <!-- testCreateOrder -->
        <test-method signature="testDeleteOrderById(org.testng.ITestContext)[pri:2, instance:api.test.DDTestsStore@4f83df68]" started-at="2025-07-19T18:14:36 IST" name="testDeleteOrderById" finished-at="2025-07-19T18:14:38 IST" duration-ms="2361" status="PASS">
          <params>
            <param index="0">
              <value>
                <![CDATA[org.testng.TestRunner@3b847d31]]>
              </value>
            </param>
          </params>
          <reporter-output>
          </reporter-output>
        </test-method> <!-- testDeleteOrderById -->
      </class> <!-- api.test.DDTestsStore -->
      <class name="api.test.PetTests2">
        <test-method is-config="true" signature="setUp()[pri:0, instance:api.test.PetTests2@747ddf94]" started-at="2025-07-19T18:13:59 IST" name="setUp" finished-at="2025-07-19T18:13:59 IST" duration-ms="116" status="PASS">
          <reporter-output>
          </reporter-output>
        </test-method> <!-- setUp -->
        <test-method signature="testDeletePetbyId()[pri:0, instance:api.test.PetTests2@747ddf94]" started-at="2025-07-19T18:13:59 IST" name="testDeletePetbyId" finished-at="2025-07-19T18:14:02 IST" duration-ms="2358" status="PASS">
          <reporter-output>
          </reporter-output>
        </test-method> <!-- testDeletePetbyId -->
        <test-method signature="testUpdatePet()[pri:0, instance:api.test.PetTests2@747ddf94]" started-at="2025-07-19T18:14:02 IST" name="testUpdatePet" finished-at="2025-07-19T18:14:03 IST" duration-ms="1255" status="PASS">
          <reporter-output>
          </reporter-output>
        </test-method> <!-- testUpdatePet -->
        <test-method signature="testPostPet()[pri:1, instance:api.test.PetTests2@747ddf94]" started-at="2025-07-19T18:14:03 IST" name="testPostPet" finished-at="2025-07-19T18:14:04 IST" duration-ms="1200" status="PASS">
          <reporter-output>
          </reporter-output>
        </test-method> <!-- testPostPet -->
        <test-method signature="testGetPetById()[pri:2, instance:api.test.PetTests2@747ddf94]" started-at="2025-07-19T18:14:04 IST" name="testGetPetById" finished-at="2025-07-19T18:14:08 IST" duration-ms="4337" status="PASS">
          <reporter-output>
          </reporter-output>
        </test-method> <!-- testGetPetById -->
      </class> <!-- api.test.PetTests2 -->
      <class name="api.test.StoreTests">
        <test-method is-config="true" signature="setUp()[pri:0, instance:api.test.StoreTests@1bd4fdd]" started-at="2025-07-19T18:14:16 IST" name="setUp" finished-at="2025-07-19T18:14:17 IST" duration-ms="1170" status="PASS">
          <reporter-output>
          </reporter-output>
        </test-method> <!-- setUp -->
        <test-method signature="testPostStore()[pri:1, instance:api.test.StoreTests@1bd4fdd]" started-at="2025-07-19T18:14:17 IST" name="testPostStore" finished-at="2025-07-19T18:14:18 IST" duration-ms="1247" status="PASS">
          <reporter-output>
          </reporter-output>
        </test-method> <!-- testPostStore -->
        <test-method signature="testGetStoreById()[pri:2, instance:api.test.StoreTests@1bd4fdd]" started-at="2025-07-19T18:14:18 IST" name="testGetStoreById" finished-at="2025-07-19T18:14:19 IST" duration-ms="1187" status="PASS">
          <reporter-output>
          </reporter-output>
        </test-method> <!-- testGetStoreById -->
        <test-method signature="testDeleteStoreById()[pri:3, instance:api.test.StoreTests@1bd4fdd]" started-at="2025-07-19T18:14:19 IST" name="testDeleteStoreById" finished-at="2025-07-19T18:14:22 IST" duration-ms="2368" status="PASS">
          <reporter-output>
          </reporter-output>
        </test-method> <!-- testDeleteStoreById -->
      </class> <!-- api.test.StoreTests -->
      <class name="api.test.DDTests">
        <test-method signature="testPostUser(java.lang.String,java.lang.String,java.lang.String,java.lang.String,java.lang.String,java.lang.String,java.lang.String)[pri:1, instance:api.test.DDTests@5b8dfcc1]" started-at="2025-07-19T18:13:40 IST" name="testPostUser" data-provider="Data" finished-at="2025-07-19T18:13:42 IST" duration-ms="2193" status="PASS">
          <params>
            <param index="0">
              <value>
                <![CDATA[1010]]>
              </value>
            </param>
            <param index="1">
              <value>
                <![CDATA[testuser1]]>
              </value>
            </param>
            <param index="2">
              <value>
                <![CDATA[John]]>
              </value>
            </param>
            <param index="3">
              <value>
                <![CDATA[Canedy]]>
              </value>
            </param>
            <param index="4">
              <value>
                <![CDATA[a@gmail.com]]>
              </value>
            </param>
            <param index="5">
              <value>
                <![CDATA[test@1]]>
              </value>
            </param>
            <param index="6">
              <value>
                <![CDATA[1234567897]]>
              </value>
            </param>
          </params>
          <reporter-output>
          </reporter-output>
        </test-method> <!-- testPostUser -->
        <test-method signature="testPostUser(java.lang.String,java.lang.String,java.lang.String,java.lang.String,java.lang.String,java.lang.String,java.lang.String)[pri:1, instance:api.test.DDTests@5b8dfcc1]" started-at="2025-07-19T18:13:42 IST" name="testPostUser" data-provider="Data" finished-at="2025-07-19T18:13:44 IST" duration-ms="2226" status="PASS">
          <params>
            <param index="0">
              <value>
                <![CDATA[1020]]>
              </value>
            </param>
            <param index="1">
              <value>
                <![CDATA[testuser2]]>
              </value>
            </param>
            <param index="2">
              <value>
                <![CDATA[Kim]]>
              </value>
            </param>
            <param index="3">
              <value>
                <![CDATA[Kom]]>
              </value>
            </param>
            <param index="4">
              <value>
                <![CDATA[b@gmail.com]]>
              </value>
            </param>
            <param index="5">
              <value>
                <![CDATA[test@2]]>
              </value>
            </param>
            <param index="6">
              <value>
                <![CDATA[1234567897]]>
              </value>
            </param>
          </params>
          <reporter-output>
          </reporter-output>
        </test-method> <!-- testPostUser -->
        <test-method signature="testPostUser(java.lang.String,java.lang.String,java.lang.String,java.lang.String,java.lang.String,java.lang.String,java.lang.String)[pri:1, instance:api.test.DDTests@5b8dfcc1]" started-at="2025-07-19T18:13:44 IST" name="testPostUser" data-provider="Data" finished-at="2025-07-19T18:13:47 IST" duration-ms="2215" status="PASS">
          <params>
            <param index="0">
              <value>
                <![CDATA[1030]]>
              </value>
            </param>
            <param index="1">
              <value>
                <![CDATA[testuser3]]>
              </value>
            </param>
            <param index="2">
              <value>
                <![CDATA[Smith]]>
              </value>
            </param>
            <param index="3">
              <value>
                <![CDATA[Steve]]>
              </value>
            </param>
            <param index="4">
              <value>
                <![CDATA[c@gmail.com]]>
              </value>
            </param>
            <param index="5">
              <value>
                <![CDATA[test@3]]>
              </value>
            </param>
            <param index="6">
              <value>
                <![CDATA[1234567897]]>
              </value>
            </param>
          </params>
          <reporter-output>
          </reporter-output>
        </test-method> <!-- testPostUser -->
        <test-method signature="testDeleteUserByname(java.lang.String)[pri:2, instance:api.test.DDTests@5b8dfcc1]" started-at="2025-07-19T18:13:47 IST" name="testDeleteUserByname" data-provider="UserNames" finished-at="2025-07-19T18:13:48 IST" duration-ms="1154" status="PASS">
          <params>
            <param index="0">
              <value>
                <![CDATA[testuser1]]>
              </value>
            </param>
          </params>
          <reporter-output>
          </reporter-output>
        </test-method> <!-- testDeleteUserByname -->
        <test-method signature="testDeleteUserByname(java.lang.String)[pri:2, instance:api.test.DDTests@5b8dfcc1]" started-at="2025-07-19T18:13:48 IST" name="testDeleteUserByname" data-provider="UserNames" finished-at="2025-07-19T18:13:49 IST" duration-ms="1172" status="PASS">
          <params>
            <param index="0">
              <value>
                <![CDATA[testuser2]]>
              </value>
            </param>
          </params>
          <reporter-output>
          </reporter-output>
        </test-method> <!-- testDeleteUserByname -->
        <test-method signature="testDeleteUserByname(java.lang.String)[pri:2, instance:api.test.DDTests@5b8dfcc1]" started-at="2025-07-19T18:13:49 IST" name="testDeleteUserByname" data-provider="UserNames" finished-at="2025-07-19T18:13:53 IST" duration-ms="3389" status="PASS">
          <params>
            <param index="0">
              <value>
                <![CDATA[testuser3]]>
              </value>
            </param>
          </params>
          <reporter-output>
          </reporter-output>
        </test-method> <!-- testDeleteUserByname -->
      </class> <!-- api.test.DDTests -->
    </test> <!-- PetTests -->
  </suite> <!-- PetSuite -->
</testng-results>
