<?xml version="1.0" encoding="UTF-8"?>
<testng-results ignored="0" total="14" passed="14" failed="0" skipped="0">
  <reporter-output>
  </reporter-output>
  <suite started-at="2025-07-19T19:41:38 IST" name="PetSuite" finished-at="2025-07-19T19:42:25 IST" duration-ms="46661">
    <groups>
    </groups>
    <test started-at="2025-07-19T19:41:38 IST" name="PetTests" finished-at="2025-07-19T19:42:25 IST" duration-ms="46661">
      <class name="api.test.UserTests2">
        <test-method is-config="true" signature="setup()[pri:0, instance:api.test.UserTests2@2b662a77]" started-at="2025-07-19T19:41:54 IST" name="setup" finished-at="2025-07-19T19:41:54 IST" duration-ms="125" status="PASS">
          <reporter-output>
          </reporter-output>
        </test-method> <!-- setup -->
        <test-method signature="testPostUser()[pri:1, instance:api.test.UserTests2@2b662a77]" started-at="2025-07-19T19:41:54 IST" name="testPostUser" finished-at="2025-07-19T19:41:55 IST" duration-ms="1205" status="PASS">
          <reporter-output>
          </reporter-output>
        </test-method> <!-- testPostUser -->
        <test-method signature="testGetUserByName()[pri:2, instance:api.test.UserTests2@2b662a77]" started-at="2025-07-19T19:41:55 IST" name="testGetUserByName" finished-at="2025-07-19T19:42:03 IST" duration-ms="7741" status="PASS">
          <reporter-output>
          </reporter-output>
        </test-method> <!-- testGetUserByName -->
        <test-method signature="testUpdateUserByName()[pri:3, instance:api.test.UserTests2@2b662a77]" started-at="2025-07-19T19:42:03 IST" name="testUpdateUserByName" finished-at="2025-07-19T19:42:06 IST" duration-ms="2450" status="PASS">
          <reporter-output>
          </reporter-output>
        </test-method> <!-- testUpdateUserByName -->
        <test-method signature="testDeleteUserByName()[pri:4, instance:api.test.UserTests2@2b662a77]" started-at="2025-07-19T19:42:06 IST" name="testDeleteUserByName" finished-at="2025-07-19T19:42:10 IST" duration-ms="4629" status="PASS">
          <reporter-output>
          </reporter-output>
        </test-method> <!-- testDeleteUserByName -->
      </class> <!-- api.test.UserTests2 -->
      <class name="api.test.UserTests">
        <test-method is-config="true" signature="setup()[pri:0, instance:api.test.UserTests@10e31a9a]" started-at="2025-07-19T19:41:39 IST" name="setup" finished-at="2025-07-19T19:41:40 IST" duration-ms="1404" status="PASS">
          <reporter-output>
          </reporter-output>
        </test-method> <!-- setup -->
        <test-method signature="testPostUser()[pri:1, instance:api.test.UserTests@10e31a9a]" started-at="2025-07-19T19:41:40 IST" name="testPostUser" finished-at="2025-07-19T19:41:45 IST" duration-ms="5103" status="PASS">
          <reporter-output>
          </reporter-output>
        </test-method> <!-- testPostUser -->
        <test-method signature="testGetUserByName()[pri:2, instance:api.test.UserTests@10e31a9a]" started-at="2025-07-19T19:41:45 IST" name="testGetUserByName" finished-at="2025-07-19T19:41:47 IST" duration-ms="1382" status="PASS">
          <reporter-output>
          </reporter-output>
        </test-method> <!-- testGetUserByName -->
        <test-method signature="testUpdateUserByName()[pri:3, instance:api.test.UserTests@10e31a9a]" started-at="2025-07-19T19:41:47 IST" name="testUpdateUserByName" finished-at="2025-07-19T19:41:52 IST" duration-ms="4831" status="PASS">
          <reporter-output>
          </reporter-output>
        </test-method> <!-- testUpdateUserByName -->
        <test-method signature="testDeleteUserByName()[pri:4, instance:api.test.UserTests@10e31a9a]" started-at="2025-07-19T19:41:52 IST" name="testDeleteUserByName" finished-at="2025-07-19T19:41:54 IST" duration-ms="2415" status="PASS">
          <reporter-output>
          </reporter-output>
        </test-method> <!-- testDeleteUserByName -->
      </class> <!-- api.test.UserTests -->
      <class name="api.test.DDTests">
        <test-method signature="testPostUser(java.lang.String,java.lang.String,java.lang.String,java.lang.String,java.lang.String,java.lang.String,java.lang.String)[pri:1, instance:api.test.DDTests@7f0eb4b4]" started-at="2025-07-19T19:42:12 IST" name="testPostUser" data-provider="Data" finished-at="2025-07-19T19:42:15 IST" duration-ms="2178" status="PASS">
          <params>
            <param index="0">
              <value>
                <![CDATA[1010]]>
              </value>
            </param>
            <param index="1">
              <value>
                <![CDATA[testuser1]]>
              </value>
            </param>
            <param index="2">
              <value>
                <![CDATA[John]]>
              </value>
            </param>
            <param index="3">
              <value>
                <![CDATA[Canedy]]>
              </value>
            </param>
            <param index="4">
              <value>
                <![CDATA[a@gmail.com]]>
              </value>
            </param>
            <param index="5">
              <value>
                <![CDATA[test@1]]>
              </value>
            </param>
            <param index="6">
              <value>
                <![CDATA[1234567897]]>
              </value>
            </param>
          </params>
          <reporter-output>
          </reporter-output>
        </test-method> <!-- testPostUser -->
        <test-method signature="testPostUser(java.lang.String,java.lang.String,java.lang.String,java.lang.String,java.lang.String,java.lang.String,java.lang.String)[pri:1, instance:api.test.DDTests@7f0eb4b4]" started-at="2025-07-19T19:42:15 IST" name="testPostUser" data-provider="Data" finished-at="2025-07-19T19:42:17 IST" duration-ms="2211" status="PASS">
          <params>
            <param index="0">
              <value>
                <![CDATA[1020]]>
              </value>
            </param>
            <param index="1">
              <value>
                <![CDATA[testuser2]]>
              </value>
            </param>
            <param index="2">
              <value>
                <![CDATA[Kim]]>
              </value>
            </param>
            <param index="3">
              <value>
                <![CDATA[Kom]]>
              </value>
            </param>
            <param index="4">
              <value>
                <![CDATA[b@gmail.com]]>
              </value>
            </param>
            <param index="5">
              <value>
                <![CDATA[test@2]]>
              </value>
            </param>
            <param index="6">
              <value>
                <![CDATA[1234567897]]>
              </value>
            </param>
          </params>
          <reporter-output>
          </reporter-output>
        </test-method> <!-- testPostUser -->
        <test-method signature="testPostUser(java.lang.String,java.lang.String,java.lang.String,java.lang.String,java.lang.String,java.lang.String,java.lang.String)[pri:1, instance:api.test.DDTests@7f0eb4b4]" started-at="2025-07-19T19:42:17 IST" name="testPostUser" data-provider="Data" finished-at="2025-07-19T19:42:19 IST" duration-ms="2188" status="PASS">
          <params>
            <param index="0">
              <value>
                <![CDATA[1030]]>
              </value>
            </param>
            <param index="1">
              <value>
                <![CDATA[testuser3]]>
              </value>
            </param>
            <param index="2">
              <value>
                <![CDATA[Smith]]>
              </value>
            </param>
            <param index="3">
              <value>
                <![CDATA[Steve]]>
              </value>
            </param>
            <param index="4">
              <value>
                <![CDATA[c@gmail.com]]>
              </value>
            </param>
            <param index="5">
              <value>
                <![CDATA[test@3]]>
              </value>
            </param>
            <param index="6">
              <value>
                <![CDATA[1234567897]]>
              </value>
            </param>
          </params>
          <reporter-output>
          </reporter-output>
        </test-method> <!-- testPostUser -->
        <test-method signature="testDeleteUserByname(java.lang.String)[pri:2, instance:api.test.DDTests@7f0eb4b4]" started-at="2025-07-19T19:42:19 IST" name="testDeleteUserByname" data-provider="UserNames" finished-at="2025-07-19T19:42:23 IST" duration-ms="3430" status="PASS">
          <params>
            <param index="0">
              <value>
                <![CDATA[testuser1]]>
              </value>
            </param>
          </params>
          <reporter-output>
          </reporter-output>
        </test-method> <!-- testDeleteUserByname -->
        <test-method signature="testDeleteUserByname(java.lang.String)[pri:2, instance:api.test.DDTests@7f0eb4b4]" started-at="2025-07-19T19:42:23 IST" name="testDeleteUserByname" data-provider="UserNames" finished-at="2025-07-19T19:42:24 IST" duration-ms="1188" status="PASS">
          <params>
            <param index="0">
              <value>
                <![CDATA[testuser2]]>
              </value>
            </param>
          </params>
          <reporter-output>
          </reporter-output>
        </test-method> <!-- testDeleteUserByname -->
        <test-method signature="testDeleteUserByname(java.lang.String)[pri:2, instance:api.test.DDTests@7f0eb4b4]" started-at="2025-07-19T19:42:24 IST" name="testDeleteUserByname" data-provider="UserNames" finished-at="2025-07-19T19:42:25 IST" duration-ms="1197" status="PASS">
          <params>
            <param index="0">
              <value>
                <![CDATA[testuser3]]>
              </value>
            </param>
          </params>
          <reporter-output>
          </reporter-output>
        </test-method> <!-- testDeleteUserByname -->
      </class> <!-- api.test.DDTests -->
    </test> <!-- PetTests -->
  </suite> <!-- PetSuite -->
</testng-results>
