<?xml version="1.0" encoding="UTF-8"?>
<testng-results ignored="0" total="24" passed="24" failed="0" skipped="0">
  <reporter-output>
  </reporter-output>
  <suite started-at="2025-07-21T13:46:26 IST" name="PetSuite" finished-at="2025-07-21T13:47:48 IST" duration-ms="81609">
    <groups>
    </groups>
    <test started-at="2025-07-21T13:46:26 IST" name="PetTests" finished-at="2025-07-21T13:47:48 IST" duration-ms="81609">
      <class name="api.test.StoreTests2">
        <test-method is-config="true" signature="setUp()[pri:0, instance:api.test.StoreTests2@3857f613]" started-at="2025-07-21T13:47:27 IST" name="setUp" finished-at="2025-07-21T13:47:29 IST" duration-ms="1272" status="PASS">
          <reporter-output>
          </reporter-output>
        </test-method> <!-- setUp -->
        <test-method signature="testPostStore()[pri:1, instance:api.test.StoreTests2@3857f613]" started-at="2025-07-21T13:47:29 IST" name="testPostStore" finished-at="2025-07-21T13:47:30 IST" duration-ms="1226" status="PASS">
          <reporter-output>
          </reporter-output>
        </test-method> <!-- testPostStore -->
        <test-method signature="testGetStoreById()[pri:2, instance:api.test.StoreTests2@3857f613]" started-at="2025-07-21T13:47:30 IST" name="testGetStoreById" finished-at="2025-07-21T13:47:34 IST" duration-ms="4387" status="PASS">
          <reporter-output>
          </reporter-output>
        </test-method> <!-- testGetStoreById -->
        <test-method signature="testDeleteStoreById()[pri:3, instance:api.test.StoreTests2@3857f613]" started-at="2025-07-21T13:47:34 IST" name="testDeleteStoreById" finished-at="2025-07-21T13:47:37 IST" duration-ms="2384" status="PASS">
          <reporter-output>
          </reporter-output>
        </test-method> <!-- testDeleteStoreById -->
      </class> <!-- api.test.StoreTests2 -->
      <class name="api.test.UserTests2">
        <test-method is-config="true" signature="setup()[pri:0, instance:api.test.UserTests2@1a677343]" started-at="2025-07-21T13:46:47 IST" name="setup" finished-at="2025-07-21T13:46:47 IST" duration-ms="123" status="PASS">
          <reporter-output>
          </reporter-output>
        </test-method> <!-- setup -->
        <test-method signature="testPostUser()[pri:1, instance:api.test.UserTests2@1a677343]" started-at="2025-07-21T13:46:47 IST" name="testPostUser" finished-at="2025-07-21T13:46:48 IST" duration-ms="1192" status="PASS">
          <reporter-output>
          </reporter-output>
        </test-method> <!-- testPostUser -->
        <test-method signature="testGetUserByName()[pri:2, instance:api.test.UserTests2@1a677343]" started-at="2025-07-21T13:46:48 IST" name="testGetUserByName" finished-at="2025-07-21T13:46:50 IST" duration-ms="1174" status="PASS">
          <reporter-output>
          </reporter-output>
        </test-method> <!-- testGetUserByName -->
        <test-method signature="testUpdateUserByName()[pri:3, instance:api.test.UserTests2@1a677343]" started-at="2025-07-21T13:46:50 IST" name="testUpdateUserByName" finished-at="2025-07-21T13:46:52 IST" duration-ms="2431" status="PASS">
          <reporter-output>
          </reporter-output>
        </test-method> <!-- testUpdateUserByName -->
        <test-method signature="testDeleteUserByName()[pri:4, instance:api.test.UserTests2@1a677343]" started-at="2025-07-21T13:46:52 IST" name="testDeleteUserByName" finished-at="2025-07-21T13:46:54 IST" duration-ms="2351" status="PASS">
          <reporter-output>
          </reporter-output>
        </test-method> <!-- testDeleteUserByName -->
      </class> <!-- api.test.UserTests2 -->
      <class name="api.test.UserTests">
        <test-method is-config="true" signature="setup()[pri:0, instance:api.test.UserTests@1fa121e2]" started-at="2025-07-21T13:46:27 IST" name="setup" finished-at="2025-07-21T13:46:29 IST" duration-ms="1704" status="PASS">
          <reporter-output>
          </reporter-output>
        </test-method> <!-- setup -->
        <test-method signature="testPostUser()[pri:1, instance:api.test.UserTests@1fa121e2]" started-at="2025-07-21T13:46:29 IST" name="testPostUser" finished-at="2025-07-21T13:46:34 IST" duration-ms="5365" status="PASS">
          <reporter-output>
          </reporter-output>
        </test-method> <!-- testPostUser -->
        <test-method signature="testGetUserByName()[pri:2, instance:api.test.UserTests@1fa121e2]" started-at="2025-07-21T13:46:34 IST" name="testGetUserByName" finished-at="2025-07-21T13:46:39 IST" duration-ms="4595" status="PASS">
          <reporter-output>
          </reporter-output>
        </test-method> <!-- testGetUserByName -->
        <test-method signature="testUpdateUserByName()[pri:3, instance:api.test.UserTests@1fa121e2]" started-at="2025-07-21T13:46:39 IST" name="testUpdateUserByName" finished-at="2025-07-21T13:46:45 IST" duration-ms="5974" status="PASS">
          <reporter-output>
          </reporter-output>
        </test-method> <!-- testUpdateUserByName -->
        <test-method signature="testDeleteUserByName()[pri:4, instance:api.test.UserTests@1fa121e2]" started-at="2025-07-21T13:46:45 IST" name="testDeleteUserByName" finished-at="2025-07-21T13:46:47 IST" duration-ms="2402" status="PASS">
          <reporter-output>
          </reporter-output>
        </test-method> <!-- testDeleteUserByName -->
      </class> <!-- api.test.UserTests -->
      <class name="api.test.DDTestsStore">
        <test-method signature="testCreateOrder(java.lang.String,java.lang.String,java.lang.String,java.lang.String,java.lang.String,java.lang.String,org.testng.ITestContext)[pri:1, instance:api.test.DDTestsStore@198b6731]" started-at="2025-07-21T13:47:38 IST" name="testCreateOrder" data-provider="storeData" finished-at="2025-07-21T13:47:39 IST" duration-ms="1201" status="PASS">
          <params>
            <param index="0">
              <value>
                <![CDATA[1001]]>
              </value>
            </param>
            <param index="1">
              <value>
                <![CDATA[12]]>
              </value>
            </param>
            <param index="2">
              <value>
                <![CDATA[3]]>
              </value>
            </param>
            <param index="3">
              <value>
                <![CDATA[2025-07-18T13:10:00Z]]>
              </value>
            </param>
            <param index="4">
              <value>
                <![CDATA[placed]]>
              </value>
            </param>
            <param index="5">
              <value>
                <![CDATA[TRUE]]>
              </value>
            </param>
            <param index="6">
              <value>
                <![CDATA[org.testng.TestRunner@10ecdd85]]>
              </value>
            </param>
          </params>
          <reporter-output>
          </reporter-output>
        </test-method> <!-- testCreateOrder -->
        <test-method signature="testCreateOrder(java.lang.String,java.lang.String,java.lang.String,java.lang.String,java.lang.String,java.lang.String,org.testng.ITestContext)[pri:1, instance:api.test.DDTestsStore@198b6731]" started-at="2025-07-21T13:47:39 IST" name="testCreateOrder" data-provider="storeData" finished-at="2025-07-21T13:47:40 IST" duration-ms="1206" status="PASS">
          <params>
            <param index="0">
              <value>
                <![CDATA[1002]]>
              </value>
            </param>
            <param index="1">
              <value>
                <![CDATA[34]]>
              </value>
            </param>
            <param index="2">
              <value>
                <![CDATA[1]]>
              </value>
            </param>
            <param index="3">
              <value>
                <![CDATA[2025-07-18T15:30:00Z]]>
              </value>
            </param>
            <param index="4">
              <value>
                <![CDATA[delivered]]>
              </value>
            </param>
            <param index="5">
              <value>
                <![CDATA[FALSE]]>
              </value>
            </param>
            <param index="6">
              <value>
                <![CDATA[org.testng.TestRunner@10ecdd85]]>
              </value>
            </param>
          </params>
          <reporter-output>
          </reporter-output>
        </test-method> <!-- testCreateOrder -->
        <test-method signature="testCreateOrder(java.lang.String,java.lang.String,java.lang.String,java.lang.String,java.lang.String,java.lang.String,org.testng.ITestContext)[pri:1, instance:api.test.DDTestsStore@198b6731]" started-at="2025-07-21T13:47:40 IST" name="testCreateOrder" data-provider="storeData" finished-at="2025-07-21T13:47:41 IST" duration-ms="1196" status="PASS">
          <params>
            <param index="0">
              <value>
                <![CDATA[1003]]>
              </value>
            </param>
            <param index="1">
              <value>
                <![CDATA[56]]>
              </value>
            </param>
            <param index="2">
              <value>
                <![CDATA[5]]>
              </value>
            </param>
            <param index="3">
              <value>
                <![CDATA[2025-07-19T09:00:00+05:30]]>
              </value>
            </param>
            <param index="4">
              <value>
                <![CDATA[approved]]>
              </value>
            </param>
            <param index="5">
              <value>
                <![CDATA[TRUE]]>
              </value>
            </param>
            <param index="6">
              <value>
                <![CDATA[org.testng.TestRunner@10ecdd85]]>
              </value>
            </param>
          </params>
          <reporter-output>
          </reporter-output>
        </test-method> <!-- testCreateOrder -->
        <test-method signature="testDeleteOrderById(org.testng.ITestContext)[pri:2, instance:api.test.DDTestsStore@198b6731]" started-at="2025-07-21T13:47:41 IST" name="testDeleteOrderById" finished-at="2025-07-21T13:47:48 IST" duration-ms="6716" status="PASS">
          <params>
            <param index="0">
              <value>
                <![CDATA[org.testng.TestRunner@10ecdd85]]>
              </value>
            </param>
          </params>
          <reporter-output>
          </reporter-output>
        </test-method> <!-- testDeleteOrderById -->
      </class> <!-- api.test.DDTestsStore -->
      <class name="api.test.StoreTests">
        <test-method is-config="true" signature="setUp()[pri:0, instance:api.test.StoreTests@489115ef]" started-at="2025-07-21T13:47:12 IST" name="setUp" finished-at="2025-07-21T13:47:13 IST" duration-ms="1243" status="PASS">
          <reporter-output>
          </reporter-output>
        </test-method> <!-- setUp -->
        <test-method signature="testPostStore()[pri:1, instance:api.test.StoreTests@489115ef]" started-at="2025-07-21T13:47:13 IST" name="testPostStore" finished-at="2025-07-21T13:47:14 IST" duration-ms="1293" status="PASS">
          <reporter-output>
          </reporter-output>
        </test-method> <!-- testPostStore -->
        <test-method signature="testGetStoreById()[pri:2, instance:api.test.StoreTests@489115ef]" started-at="2025-07-21T13:47:14 IST" name="testGetStoreById" finished-at="2025-07-21T13:47:25 IST" duration-ms="10913" status="PASS">
          <reporter-output>
          </reporter-output>
        </test-method> <!-- testGetStoreById -->
        <test-method signature="testDeleteStoreById()[pri:3, instance:api.test.StoreTests@489115ef]" started-at="2025-07-21T13:47:25 IST" name="testDeleteStoreById" finished-at="2025-07-21T13:47:27 IST" duration-ms="2407" status="PASS">
          <reporter-output>
          </reporter-output>
        </test-method> <!-- testDeleteStoreById -->
      </class> <!-- api.test.StoreTests -->
      <class name="api.test.DDTests">
        <test-method signature="testPostUser(java.lang.String,java.lang.String,java.lang.String,java.lang.String,java.lang.String,java.lang.String,java.lang.String)[pri:1, instance:api.test.DDTests@15de0b3c]" started-at="2025-07-21T13:46:57 IST" name="testPostUser" data-provider="Data" finished-at="2025-07-21T13:46:59 IST" duration-ms="2198" status="PASS">
          <params>
            <param index="0">
              <value>
                <![CDATA[1010]]>
              </value>
            </param>
            <param index="1">
              <value>
                <![CDATA[testuser1]]>
              </value>
            </param>
            <param index="2">
              <value>
                <![CDATA[John]]>
              </value>
            </param>
            <param index="3">
              <value>
                <![CDATA[Canedy]]>
              </value>
            </param>
            <param index="4">
              <value>
                <![CDATA[a@gmail.com]]>
              </value>
            </param>
            <param index="5">
              <value>
                <![CDATA[test@1]]>
              </value>
            </param>
            <param index="6">
              <value>
                <![CDATA[1234567897]]>
              </value>
            </param>
          </params>
          <reporter-output>
          </reporter-output>
        </test-method> <!-- testPostUser -->
        <test-method signature="testPostUser(java.lang.String,java.lang.String,java.lang.String,java.lang.String,java.lang.String,java.lang.String,java.lang.String)[pri:1, instance:api.test.DDTests@15de0b3c]" started-at="2025-07-21T13:46:59 IST" name="testPostUser" data-provider="Data" finished-at="2025-07-21T13:47:01 IST" duration-ms="2213" status="PASS">
          <params>
            <param index="0">
              <value>
                <![CDATA[1020]]>
              </value>
            </param>
            <param index="1">
              <value>
                <![CDATA[testuser2]]>
              </value>
            </param>
            <param index="2">
              <value>
                <![CDATA[Kim]]>
              </value>
            </param>
            <param index="3">
              <value>
                <![CDATA[Kom]]>
              </value>
            </param>
            <param index="4">
              <value>
                <![CDATA[b@gmail.com]]>
              </value>
            </param>
            <param index="5">
              <value>
                <![CDATA[test@2]]>
              </value>
            </param>
            <param index="6">
              <value>
                <![CDATA[1234567897]]>
              </value>
            </param>
          </params>
          <reporter-output>
          </reporter-output>
        </test-method> <!-- testPostUser -->
        <test-method signature="testPostUser(java.lang.String,java.lang.String,java.lang.String,java.lang.String,java.lang.String,java.lang.String,java.lang.String)[pri:1, instance:api.test.DDTests@15de0b3c]" started-at="2025-07-21T13:47:01 IST" name="testPostUser" data-provider="Data" finished-at="2025-07-21T13:47:03 IST" duration-ms="2213" status="PASS">
          <params>
            <param index="0">
              <value>
                <![CDATA[1030]]>
              </value>
            </param>
            <param index="1">
              <value>
                <![CDATA[testuser3]]>
              </value>
            </param>
            <param index="2">
              <value>
                <![CDATA[Smith]]>
              </value>
            </param>
            <param index="3">
              <value>
                <![CDATA[Steve]]>
              </value>
            </param>
            <param index="4">
              <value>
                <![CDATA[c@gmail.com]]>
              </value>
            </param>
            <param index="5">
              <value>
                <![CDATA[test@3]]>
              </value>
            </param>
            <param index="6">
              <value>
                <![CDATA[1234567897]]>
              </value>
            </param>
          </params>
          <reporter-output>
          </reporter-output>
        </test-method> <!-- testPostUser -->
        <test-method signature="testDeleteUserByname(java.lang.String)[pri:2, instance:api.test.DDTests@15de0b3c]" started-at="2025-07-21T13:47:04 IST" name="testDeleteUserByname" data-provider="UserNames" finished-at="2025-07-21T13:47:07 IST" duration-ms="3326" status="PASS">
          <params>
            <param index="0">
              <value>
                <![CDATA[testuser1]]>
              </value>
            </param>
          </params>
          <reporter-output>
          </reporter-output>
        </test-method> <!-- testDeleteUserByname -->
        <test-method signature="testDeleteUserByname(java.lang.String)[pri:2, instance:api.test.DDTests@15de0b3c]" started-at="2025-07-21T13:47:07 IST" name="testDeleteUserByname" data-provider="UserNames" finished-at="2025-07-21T13:47:10 IST" duration-ms="3390" status="PASS">
          <params>
            <param index="0">
              <value>
                <![CDATA[testuser2]]>
              </value>
            </param>
          </params>
          <reporter-output>
          </reporter-output>
        </test-method> <!-- testDeleteUserByname -->
        <test-method signature="testDeleteUserByname(java.lang.String)[pri:2, instance:api.test.DDTests@15de0b3c]" started-at="2025-07-21T13:47:10 IST" name="testDeleteUserByname" data-provider="UserNames" finished-at="2025-07-21T13:47:11 IST" duration-ms="1213" status="PASS">
          <params>
            <param index="0">
              <value>
                <![CDATA[testuser3]]>
              </value>
            </param>
          </params>
          <reporter-output>
          </reporter-output>
        </test-method> <!-- testDeleteUserByname -->
      </class> <!-- api.test.DDTests -->
    </test> <!-- PetTests -->
  </suite> <!-- PetSuite -->
</testng-results>
