<?xml version="1.0" encoding="UTF-8"?>
<testng-results ignored="0" total="26" passed="26" failed="0" skipped="0">
  <reporter-output>
  </reporter-output>
  <suite started-at="2025-07-19T23:52:29 IST" name="PetSuite" finished-at="2025-07-19T23:53:33 IST" duration-ms="64503">
    <groups>
    </groups>
    <test started-at="2025-07-19T23:52:29 IST" name="PetTests" finished-at="2025-07-19T23:53:33 IST" duration-ms="64503">
      <class name="api.test.DDTestsPet">
        <test-method signature="testCreatePet(java.lang.String,java.lang.String,java.lang.String,java.lang.String,java.lang.String,java.lang.String,java.lang.String,java.lang.String,org.testng.ITestContext)[pri:1, instance:api.test.DDTestsPet@7c6908d7]" started-at="2025-07-19T23:53:27 IST" name="testCreatePet" data-provider="petData" finished-at="2025-07-19T23:53:29 IST" duration-ms="1244" status="PASS">
          <params>
            <param index="0">
              <value>
                <![CDATA[1001]]>
              </value>
            </param>
            <param index="1">
              <value>
                <![CDATA[Max]]>
              </value>
            </param>
            <param index="2">
              <value>
                <![CDATA[10]]>
              </value>
            </param>
            <param index="3">
              <value>
                <![CDATA[Dog]]>
              </value>
            </param>
            <param index="4">
              <value>
                <![CDATA[available]]>
              </value>
            </param>
            <param index="5">
              <value>
                <![CDATA[101]]>
              </value>
            </param>
            <param index="6">
              <value>
                <![CDATA[friendly]]>
              </value>
            </param>
            <param index="7">
              <value>
                <![CDATA[https://example.com/max.jpg]]>
              </value>
            </param>
            <param index="8">
              <value>
                <![CDATA[org.testng.TestRunner@700666b9]]>
              </value>
            </param>
          </params>
          <reporter-output>
          </reporter-output>
        </test-method> <!-- testCreatePet -->
        <test-method signature="testCreatePet(java.lang.String,java.lang.String,java.lang.String,java.lang.String,java.lang.String,java.lang.String,java.lang.String,java.lang.String,org.testng.ITestContext)[pri:1, instance:api.test.DDTestsPet@7c6908d7]" started-at="2025-07-19T23:53:29 IST" name="testCreatePet" data-provider="petData" finished-at="2025-07-19T23:53:30 IST" duration-ms="1203" status="PASS">
          <params>
            <param index="0">
              <value>
                <![CDATA[1002]]>
              </value>
            </param>
            <param index="1">
              <value>
                <![CDATA[Bella]]>
              </value>
            </param>
            <param index="2">
              <value>
                <![CDATA[20]]>
              </value>
            </param>
            <param index="3">
              <value>
                <![CDATA[Cat]]>
              </value>
            </param>
            <param index="4">
              <value>
                <![CDATA[pending]]>
              </value>
            </param>
            <param index="5">
              <value>
                <![CDATA[102]]>
              </value>
            </param>
            <param index="6">
              <value>
                <![CDATA[cute]]>
              </value>
            </param>
            <param index="7">
              <value>
                <![CDATA[https://example.com/bella.jpg]]>
              </value>
            </param>
            <param index="8">
              <value>
                <![CDATA[org.testng.TestRunner@700666b9]]>
              </value>
            </param>
          </params>
          <reporter-output>
          </reporter-output>
        </test-method> <!-- testCreatePet -->
        <test-method signature="testCreatePet(java.lang.String,java.lang.String,java.lang.String,java.lang.String,java.lang.String,java.lang.String,java.lang.String,java.lang.String,org.testng.ITestContext)[pri:1, instance:api.test.DDTestsPet@7c6908d7]" started-at="2025-07-19T23:53:30 IST" name="testCreatePet" data-provider="petData" finished-at="2025-07-19T23:53:31 IST" duration-ms="1230" status="PASS">
          <params>
            <param index="0">
              <value>
                <![CDATA[1003]]>
              </value>
            </param>
            <param index="1">
              <value>
                <![CDATA[Charlie]]>
              </value>
            </param>
            <param index="2">
              <value>
                <![CDATA[30]]>
              </value>
            </param>
            <param index="3">
              <value>
                <![CDATA[Bird]]>
              </value>
            </param>
            <param index="4">
              <value>
                <![CDATA[sold]]>
              </value>
            </param>
            <param index="5">
              <value>
                <![CDATA[103]]>
              </value>
            </param>
            <param index="6">
              <value>
                <![CDATA[talky]]>
              </value>
            </param>
            <param index="7">
              <value>
                <![CDATA[https://example.com/charlie.jpg]]>
              </value>
            </param>
            <param index="8">
              <value>
                <![CDATA[org.testng.TestRunner@700666b9]]>
              </value>
            </param>
          </params>
          <reporter-output>
          </reporter-output>
        </test-method> <!-- testCreatePet -->
        <test-method signature="testDeletePetById(org.testng.ITestContext)[pri:2, instance:api.test.DDTestsPet@7c6908d7]" started-at="2025-07-19T23:53:31 IST" name="testDeletePetById" finished-at="2025-07-19T23:53:33 IST" duration-ms="2330" status="PASS">
          <params>
            <param index="0">
              <value>
                <![CDATA[org.testng.TestRunner@700666b9]]>
              </value>
            </param>
          </params>
          <reporter-output>
          </reporter-output>
        </test-method> <!-- testDeletePetById -->
      </class> <!-- api.test.DDTestsPet -->
      <class name="api.test.UserTests2">
        <test-method is-config="true" signature="setup()[pri:0, instance:api.test.UserTests2@15de0b3c]" started-at="2025-07-19T23:52:44 IST" name="setup" finished-at="2025-07-19T23:52:44 IST" duration-ms="140" status="PASS">
          <reporter-output>
          </reporter-output>
        </test-method> <!-- setup -->
        <test-method signature="testPostUser()[pri:1, instance:api.test.UserTests2@15de0b3c]" started-at="2025-07-19T23:52:44 IST" name="testPostUser" finished-at="2025-07-19T23:52:45 IST" duration-ms="1188" status="PASS">
          <reporter-output>
          </reporter-output>
        </test-method> <!-- testPostUser -->
        <test-method signature="testGetUserByName()[pri:2, instance:api.test.UserTests2@15de0b3c]" started-at="2025-07-19T23:52:45 IST" name="testGetUserByName" finished-at="2025-07-19T23:52:50 IST" duration-ms="4453" status="PASS">
          <reporter-output>
          </reporter-output>
        </test-method> <!-- testGetUserByName -->
        <test-method signature="testUpdateUserByName()[pri:3, instance:api.test.UserTests2@15de0b3c]" started-at="2025-07-19T23:52:50 IST" name="testUpdateUserByName" finished-at="2025-07-19T23:52:52 IST" duration-ms="2450" status="PASS">
          <reporter-output>
          </reporter-output>
        </test-method> <!-- testUpdateUserByName -->
        <test-method signature="testDeleteUserByName()[pri:4, instance:api.test.UserTests2@15de0b3c]" started-at="2025-07-19T23:52:52 IST" name="testDeleteUserByName" finished-at="2025-07-19T23:52:59 IST" duration-ms="6892" status="PASS">
          <reporter-output>
          </reporter-output>
        </test-method> <!-- testDeleteUserByName -->
      </class> <!-- api.test.UserTests2 -->
      <class name="api.test.UserTests">
        <test-method is-config="true" signature="setup()[pri:0, instance:api.test.UserTests@7eac9008]" started-at="2025-07-19T23:52:29 IST" name="setup" finished-at="2025-07-19T23:52:31 IST" duration-ms="1582" status="PASS">
          <reporter-output>
          </reporter-output>
        </test-method> <!-- setup -->
        <test-method signature="testPostUser()[pri:1, instance:api.test.UserTests@7eac9008]" started-at="2025-07-19T23:52:31 IST" name="testPostUser" finished-at="2025-07-19T23:52:36 IST" duration-ms="5240" status="PASS">
          <reporter-output>
          </reporter-output>
        </test-method> <!-- testPostUser -->
        <test-method signature="testGetUserByName()[pri:2, instance:api.test.UserTests@7eac9008]" started-at="2025-07-19T23:52:36 IST" name="testGetUserByName" finished-at="2025-07-19T23:52:38 IST" duration-ms="1299" status="PASS">
          <reporter-output>
          </reporter-output>
        </test-method> <!-- testGetUserByName -->
        <test-method signature="testUpdateUserByName()[pri:3, instance:api.test.UserTests@7eac9008]" started-at="2025-07-19T23:52:38 IST" name="testUpdateUserByName" finished-at="2025-07-19T23:52:41 IST" duration-ms="3717" status="PASS">
          <reporter-output>
          </reporter-output>
        </test-method> <!-- testUpdateUserByName -->
        <test-method signature="testDeleteUserByName()[pri:4, instance:api.test.UserTests@7eac9008]" started-at="2025-07-19T23:52:41 IST" name="testDeleteUserByName" finished-at="2025-07-19T23:52:44 IST" duration-ms="2477" status="PASS">
          <reporter-output>
          </reporter-output>
        </test-method> <!-- testDeleteUserByName -->
      </class> <!-- api.test.UserTests -->
      <class name="api.test.PetTests">
        <test-method is-config="true" signature="setUp()[pri:0, instance:api.test.PetTests@3857f613]" started-at="2025-07-19T23:53:12 IST" name="setUp" finished-at="2025-07-19T23:53:12 IST" duration-ms="116" status="PASS">
          <reporter-output>
          </reporter-output>
        </test-method> <!-- setUp -->
        <test-method signature="testDeletePetbyId()[pri:0, instance:api.test.PetTests@3857f613]" started-at="2025-07-19T23:53:12 IST" name="testDeletePetbyId" finished-at="2025-07-19T23:53:15 IST" duration-ms="2806" status="PASS">
          <reporter-output>
          </reporter-output>
        </test-method> <!-- testDeletePetbyId -->
        <test-method signature="testUpdatePet()[pri:0, instance:api.test.PetTests@3857f613]" started-at="2025-07-19T23:53:15 IST" name="testUpdatePet" finished-at="2025-07-19T23:53:16 IST" duration-ms="1356" status="PASS">
          <reporter-output>
          </reporter-output>
        </test-method> <!-- testUpdatePet -->
        <test-method signature="testPostPet()[pri:1, instance:api.test.PetTests@3857f613]" started-at="2025-07-19T23:53:16 IST" name="testPostPet" finished-at="2025-07-19T23:53:17 IST" duration-ms="1195" status="PASS">
          <reporter-output>
          </reporter-output>
        </test-method> <!-- testPostPet -->
        <test-method signature="testGetPetById()[pri:2, instance:api.test.PetTests@3857f613]" started-at="2025-07-19T23:53:17 IST" name="testGetPetById" finished-at="2025-07-19T23:53:19 IST" duration-ms="1215" status="PASS">
          <reporter-output>
          </reporter-output>
        </test-method> <!-- testGetPetById -->
      </class> <!-- api.test.PetTests -->
      <class name="api.test.PetTests2">
        <test-method is-config="true" signature="setUp()[pri:0, instance:api.test.PetTests2@198b6731]" started-at="2025-07-19T23:53:19 IST" name="setUp" finished-at="2025-07-19T23:53:19 IST" duration-ms="80" status="PASS">
          <reporter-output>
          </reporter-output>
        </test-method> <!-- setUp -->
        <test-method signature="testDeletePetbyId()[pri:0, instance:api.test.PetTests2@198b6731]" started-at="2025-07-19T23:53:19 IST" name="testDeletePetbyId" finished-at="2025-07-19T23:53:21 IST" duration-ms="2449" status="PASS">
          <reporter-output>
          </reporter-output>
        </test-method> <!-- testDeletePetbyId -->
        <test-method signature="testUpdatePet()[pri:0, instance:api.test.PetTests2@198b6731]" started-at="2025-07-19T23:53:21 IST" name="testUpdatePet" finished-at="2025-07-19T23:53:22 IST" duration-ms="1245" status="PASS">
          <reporter-output>
          </reporter-output>
        </test-method> <!-- testUpdatePet -->
        <test-method signature="testPostPet()[pri:1, instance:api.test.PetTests2@198b6731]" started-at="2025-07-19T23:53:22 IST" name="testPostPet" finished-at="2025-07-19T23:53:24 IST" duration-ms="1217" status="PASS">
          <reporter-output>
          </reporter-output>
        </test-method> <!-- testPostPet -->
        <test-method signature="testGetPetById()[pri:2, instance:api.test.PetTests2@198b6731]" started-at="2025-07-19T23:53:24 IST" name="testGetPetById" finished-at="2025-07-19T23:53:26 IST" duration-ms="2357" status="PASS">
          <reporter-output>
          </reporter-output>
        </test-method> <!-- testGetPetById -->
      </class> <!-- api.test.PetTests2 -->
      <class name="api.test.DDTests">
        <test-method signature="testPostUser(java.lang.String,java.lang.String,java.lang.String,java.lang.String,java.lang.String,java.lang.String,java.lang.String)[pri:1, instance:api.test.DDTests@489115ef]" started-at="2025-07-19T23:53:01 IST" name="testPostUser" data-provider="Data" finished-at="2025-07-19T23:53:03 IST" duration-ms="2191" status="PASS">
          <params>
            <param index="0">
              <value>
                <![CDATA[1010]]>
              </value>
            </param>
            <param index="1">
              <value>
                <![CDATA[testuser1]]>
              </value>
            </param>
            <param index="2">
              <value>
                <![CDATA[John]]>
              </value>
            </param>
            <param index="3">
              <value>
                <![CDATA[Canedy]]>
              </value>
            </param>
            <param index="4">
              <value>
                <![CDATA[a@gmail.com]]>
              </value>
            </param>
            <param index="5">
              <value>
                <![CDATA[test@1]]>
              </value>
            </param>
            <param index="6">
              <value>
                <![CDATA[1234567897]]>
              </value>
            </param>
          </params>
          <reporter-output>
          </reporter-output>
        </test-method> <!-- testPostUser -->
        <test-method signature="testPostUser(java.lang.String,java.lang.String,java.lang.String,java.lang.String,java.lang.String,java.lang.String,java.lang.String)[pri:1, instance:api.test.DDTests@489115ef]" started-at="2025-07-19T23:53:04 IST" name="testPostUser" data-provider="Data" finished-at="2025-07-19T23:53:06 IST" duration-ms="2205" status="PASS">
          <params>
            <param index="0">
              <value>
                <![CDATA[1020]]>
              </value>
            </param>
            <param index="1">
              <value>
                <![CDATA[testuser2]]>
              </value>
            </param>
            <param index="2">
              <value>
                <![CDATA[Kim]]>
              </value>
            </param>
            <param index="3">
              <value>
                <![CDATA[Kom]]>
              </value>
            </param>
            <param index="4">
              <value>
                <![CDATA[b@gmail.com]]>
              </value>
            </param>
            <param index="5">
              <value>
                <![CDATA[test@2]]>
              </value>
            </param>
            <param index="6">
              <value>
                <![CDATA[1234567897]]>
              </value>
            </param>
          </params>
          <reporter-output>
          </reporter-output>
        </test-method> <!-- testPostUser -->
        <test-method signature="testPostUser(java.lang.String,java.lang.String,java.lang.String,java.lang.String,java.lang.String,java.lang.String,java.lang.String)[pri:1, instance:api.test.DDTests@489115ef]" started-at="2025-07-19T23:53:06 IST" name="testPostUser" data-provider="Data" finished-at="2025-07-19T23:53:08 IST" duration-ms="2225" status="PASS">
          <params>
            <param index="0">
              <value>
                <![CDATA[1030]]>
              </value>
            </param>
            <param index="1">
              <value>
                <![CDATA[testuser3]]>
              </value>
            </param>
            <param index="2">
              <value>
                <![CDATA[Smith]]>
              </value>
            </param>
            <param index="3">
              <value>
                <![CDATA[Steve]]>
              </value>
            </param>
            <param index="4">
              <value>
                <![CDATA[c@gmail.com]]>
              </value>
            </param>
            <param index="5">
              <value>
                <![CDATA[test@3]]>
              </value>
            </param>
            <param index="6">
              <value>
                <![CDATA[1234567897]]>
              </value>
            </param>
          </params>
          <reporter-output>
          </reporter-output>
        </test-method> <!-- testPostUser -->
        <test-method signature="testDeleteUserByname(java.lang.String)[pri:2, instance:api.test.DDTests@489115ef]" started-at="2025-07-19T23:53:08 IST" name="testDeleteUserByname" data-provider="UserNames" finished-at="2025-07-19T23:53:09 IST" duration-ms="1195" status="PASS">
          <params>
            <param index="0">
              <value>
                <![CDATA[testuser1]]>
              </value>
            </param>
          </params>
          <reporter-output>
          </reporter-output>
        </test-method> <!-- testDeleteUserByname -->
        <test-method signature="testDeleteUserByname(java.lang.String)[pri:2, instance:api.test.DDTests@489115ef]" started-at="2025-07-19T23:53:09 IST" name="testDeleteUserByname" data-provider="UserNames" finished-at="2025-07-19T23:53:11 IST" duration-ms="1197" status="PASS">
          <params>
            <param index="0">
              <value>
                <![CDATA[testuser2]]>
              </value>
            </param>
          </params>
          <reporter-output>
          </reporter-output>
        </test-method> <!-- testDeleteUserByname -->
        <test-method signature="testDeleteUserByname(java.lang.String)[pri:2, instance:api.test.DDTests@489115ef]" started-at="2025-07-19T23:53:11 IST" name="testDeleteUserByname" data-provider="UserNames" finished-at="2025-07-19T23:53:12 IST" duration-ms="1197" status="PASS">
          <params>
            <param index="0">
              <value>
                <![CDATA[testuser3]]>
              </value>
            </param>
          </params>
          <reporter-output>
          </reporter-output>
        </test-method> <!-- testDeleteUserByname -->
      </class> <!-- api.test.DDTests -->
    </test> <!-- PetTests -->
  </suite> <!-- PetSuite -->
</testng-results>
