<?xml version="1.0" encoding="UTF-8"?>
<!-- Generated by org.testng.reporters.JUnitXMLReporter -->
<testsuite ignored="0" hostname="DESKTOP-A7D4RAN" failures="0" tests="26" name="PetTests" time="75.75" errors="0" timestamp="2025-07-21T12:44:30 IST">
  <testcase classname="api.test.UserTests" name="testPostUser" time="5.0"/>
  <testcase classname="api.test.UserTests" name="testGetUserByName" time="4.403"/>
  <testcase classname="api.test.UserTests" name="testUpdateUserByName" time="4.607"/>
  <testcase classname="api.test.UserTests" name="testDeleteUserByName" time="4.501"/>
  <testcase classname="api.test.UserTests2" name="testPostUser" time="1.186"/>
  <testcase classname="api.test.UserTests2" name="testGetUserByName" time="1.169"/>
  <testcase classname="api.test.UserTests2" name="testUpdateUserByName" time="2.399"/>
  <testcase classname="api.test.UserTests2" name="testDeleteUserByName" time="6.695"/>
  <testcase classname="api.test.DDTests" name="testPostUser" time="2.207"/>
  <testcase classname="api.test.DDTests" name="testPostUser" time="2.168"/>
  <testcase classname="api.test.DDTests" name="testPostUser" time="2.202"/>
  <testcase classname="api.test.DDTests" name="testDeleteUserByname" time="5.443"/>
  <testcase classname="api.test.DDTests" name="testDeleteUserByname" time="1.167"/>
  <testcase classname="api.test.DDTests" name="testDeleteUserByname" time="1.166"/>
  <testcase classname="api.test.PetTests" name="testDeletePetbyId" time="2.349"/>
  <testcase classname="api.test.PetTests" name="testUpdatePet" time="1.217"/>
  <testcase classname="api.test.PetTests" name="testPostPet" time="1.151"/>
  <testcase classname="api.test.PetTests" name="testGetPetById" time="1.175"/>
  <testcase classname="api.test.PetTests2" name="testDeletePetbyId" time="2.31"/>
  <testcase classname="api.test.PetTests2" name="testUpdatePet" time="1.172"/>
  <testcase classname="api.test.PetTests2" name="testPostPet" time="1.188"/>
  <testcase classname="api.test.PetTests2" name="testGetPetById" time="4.332"/>
  <testcase classname="api.test.DDTestsPet" name="testCreatePet" time="1.182"/>
  <testcase classname="api.test.DDTestsPet" name="testCreatePet" time="1.18"/>
  <testcase classname="api.test.DDTestsPet" name="testCreatePet" time="1.162"/>
  <testcase classname="api.test.DDTestsPet" name="testDeletePetById" time="6.6"/>
</testsuite> <!-- PetTests -->
