<?xml version="1.0" encoding="UTF-8"?>
<!-- Generated by org.testng.reporters.JUnitXMLReporter -->
<testsuite ignored="0" hostname="DESKTOP-A7D4RAN" failures="0" tests="12" name="PetTests" time="31.358" errors="0" timestamp="2025-07-19T19:57:13 IST">
  <testcase classname="api.test.PetTests" name="testDeletePetbyId" time="6.127"/>
  <testcase classname="api.test.PetTests" name="testUpdatePet" time="2.911"/>
  <testcase classname="api.test.PetTests" name="testPostPet" time="1.273"/>
  <testcase classname="api.test.PetTests" name="testGetPetById" time="1.184"/>
  <testcase classname="api.test.PetTests2" name="testDeletePetbyId" time="2.419"/>
  <testcase classname="api.test.PetTests2" name="testUpdatePet" time="1.204"/>
  <testcase classname="api.test.PetTests2" name="testPostPet" time="1.211"/>
  <testcase classname="api.test.PetTests2" name="testGetPetById" time="1.218"/>
  <testcase classname="api.test.DDTestsPet" name="testCreatePet" time="1.199"/>
  <testcase classname="api.test.DDTestsPet" name="testCreatePet" time="1.141"/>
  <testcase classname="api.test.DDTestsPet" name="testCreatePet" time="1.223"/>
  <testcase classname="api.test.DDTestsPet" name="testDeletePetById" time="2.37"/>
</testsuite> <!-- PetTests -->
