<?xml version="1.0" encoding="UTF-8"?>
<!-- Generated by org.testng.reporters.JUnitReportReporter -->
<testsuite hostname="DESKTOP-A7D4RAN" failures="0" tests="3" name="api.test.StoreTests" time="14.613" errors="0" timestamp="2025-07-21T13:47:49 IST" skipped="0">
  <testcase classname="api.test.StoreTests" name="testPostStore" time="1.293"/>
  <testcase classname="api.test.StoreTests" name="testGetStoreById" time="10.913"/>
  <testcase classname="api.test.StoreTests" name="testDeleteStoreById" time="2.407"/>
</testsuite> <!-- api.test.StoreTests -->
