<?xml version="1.0" encoding="UTF-8"?>
<!-- Generated by org.testng.reporters.JUnitReportReporter -->
<testsuite hostname="DESKTOP-A7D4RAN" failures="0" tests="4" name="api.test.PetTests2" time="6.119" errors="0" timestamp="2025-07-21T13:04:57 IST" skipped="0">
  <testcase classname="api.test.PetTests2" name="testUpdatePet" time="1.232"/>
  <testcase classname="api.test.PetTests2" name="testDeletePetbyId" time="2.401"/>
  <testcase classname="api.test.PetTests2" name="testPostPet" time="1.278"/>
  <testcase classname="api.test.PetTests2" name="testGetPetById" time="1.208"/>
</testsuite> <!-- api.test.PetTests2 -->
