<?xml version="1.0" encoding="UTF-8"?>
<!-- Generated by org.testng.reporters.JUnitReportReporter -->
<testsuite hostname="DESKTOP-A7D4RAN" failures="0" tests="3" name="api.test.StoreTests2" time="4.892" errors="0" timestamp="2025-07-21T13:04:57 IST" skipped="0">
  <testcase classname="api.test.StoreTests2" name="testPostStore" time="1.279"/>
  <testcase classname="api.test.StoreTests2" name="testGetStoreById" time="1.214"/>
  <testcase classname="api.test.StoreTests2" name="testDeleteStoreById" time="2.399"/>
</testsuite> <!-- api.test.StoreTests2 -->
