<?xml version="1.0" encoding="UTF-8"?>
<!-- Generated by org.testng.reporters.JUnitReportReporter -->
<testsuite hostname="DESKTOP-A7D4RAN" failures="0" tests="4" name="api.test.PetTests" time="6.312" errors="0" timestamp="2025-07-21T14:39:12 IST" skipped="0">
  <testcase classname="api.test.PetTests" name="testDeletePetbyId" time="2.472"/>
  <testcase classname="api.test.PetTests" name="testUpdatePet" time="1.353"/>
  <testcase classname="api.test.PetTests" name="testPostPet" time="1.236"/>
  <testcase classname="api.test.PetTests" name="testGetPetById" time="1.251"/>
</testsuite> <!-- api.test.PetTests -->
