<?xml version="1.0" encoding="UTF-8"?>
<!-- Generated by org.testng.reporters.JUnitReportReporter -->
<testsuite hostname="DESKTOP-A7D4RAN" failures="0" tests="4" name="api.test.UserTests2" time="7.112" errors="0" timestamp="2025-07-21T15:28:55 IST" skipped="0">
  <testcase classname="api.test.UserTests2" name="testPostUser" time="1.192"/>
  <testcase classname="api.test.UserTests2" name="testGetUserByName" time="1.194"/>
  <testcase classname="api.test.UserTests2" name="testUpdateUserByName" time="2.325"/>
  <testcase classname="api.test.UserTests2" name="testDeleteUserByName" time="2.401"/>
</testsuite> <!-- api.test.UserTests2 -->
