<?xml version="1.0" encoding="UTF-8"?>
<!-- Generated by org.testng.reporters.JUnitReportReporter -->
<testsuite hostname="DESKTOP-A7D4RAN" failures="0" tests="6" name="api.test.DDTests" time="14.353" errors="0" timestamp="2025-07-21T12:44:30 IST" skipped="0">
  <testcase classname="api.test.DDTests" name="testPostUser" time="2.202"/>
  <testcase classname="api.test.DDTests" name="testPostUser" time="2.168"/>
  <testcase classname="api.test.DDTests" name="testPostUser" time="2.207"/>
  <testcase classname="api.test.DDTests" name="testDeleteUserByname" time="1.166"/>
  <testcase classname="api.test.DDTests" name="testDeleteUserByname" time="1.167"/>
  <testcase classname="api.test.DDTests" name="testDeleteUserByname" time="5.443"/>
</testsuite> <!-- api.test.DDTests -->
