<?xml version="1.0" encoding="UTF-8"?>
<!-- Generated by org.testng.reporters.JUnitReportReporter -->
<testsuite hostname="DESKTOP-A7D4RAN" failures="0" tests="4" name="api.test.PetTests" time="5.892" errors="0" timestamp="2025-07-21T12:44:30 IST" skipped="0">
  <testcase classname="api.test.PetTests" name="testDeletePetbyId" time="2.349"/>
  <testcase classname="api.test.PetTests" name="testUpdatePet" time="1.217"/>
  <testcase classname="api.test.PetTests" name="testPostPet" time="1.151"/>
  <testcase classname="api.test.PetTests" name="testGetPetById" time="1.175"/>
</testsuite> <!-- api.test.PetTests -->
