<?xml version="1.0" encoding="UTF-8"?>
<!-- Generated by org.testng.reporters.JUnitReportReporter -->
<testsuite hostname="DESKTOP-A7D4RAN" failures="0" tests="4" name="api.test.UserTests" time="19.636" errors="0" timestamp="2025-07-21T15:28:55 IST" skipped="0">
  <testcase classname="api.test.UserTests" name="testPostUser" time="5.515"/>
  <testcase classname="api.test.UserTests" name="testGetUserByName" time="4.475"/>
  <testcase classname="api.test.UserTests" name="testUpdateUserByName" time="5.001"/>
  <testcase classname="api.test.UserTests" name="testDeleteUserByName" time="4.645"/>
</testsuite> <!-- api.test.UserTests -->
