<?xml version="1.0" encoding="UTF-8"?>
<!-- Generated by org.testng.reporters.JUnitReportReporter -->
<testsuite hostname="DESKTOP-A7D4RAN" failures="0" tests="3" name="api.test.StoreTests" time="18.025" errors="0" timestamp="2025-07-21T14:21:13 IST" skipped="0">
  <testcase classname="api.test.StoreTests" name="testPostStore" time="1.314"/>
  <testcase classname="api.test.StoreTests" name="testGetStoreById" time="14.257"/>
  <testcase classname="api.test.StoreTests" name="testDeleteStoreById" time="2.454"/>
</testsuite> <!-- api.test.StoreTests -->
