<?xml version="1.0" encoding="UTF-8"?>
<!-- Generated by org.testng.reporters.JUnitXMLReporter -->
<testsuite ignored="0" hostname="DESKTOP-A7D4RAN" failures="0" tests="22" name="PetTests" time="60.226" errors="0" timestamp="2025-07-21T13:04:56 IST">
  <testcase classname="api.test.PetTests" name="testDeletePetbyId" time="6.052"/>
  <testcase classname="api.test.PetTests" name="testUpdatePet" time="1.864"/>
  <testcase classname="api.test.PetTests" name="testPostPet" time="1.204"/>
  <testcase classname="api.test.PetTests" name="testGetPetById" time="14.285"/>
  <testcase classname="api.test.PetTests2" name="testDeletePetbyId" time="2.401"/>
  <testcase classname="api.test.PetTests2" name="testUpdatePet" time="1.232"/>
  <testcase classname="api.test.PetTests2" name="testPostPet" time="1.278"/>
  <testcase classname="api.test.PetTests2" name="testGetPetById" time="1.208"/>
  <testcase classname="api.test.DDTestsPet" name="testCreatePet" time="1.204"/>
  <testcase classname="api.test.DDTestsPet" name="testCreatePet" time="1.253"/>
  <testcase classname="api.test.DDTestsPet" name="testCreatePet" time="1.217"/>
  <testcase classname="api.test.DDTestsPet" name="testDeletePetById" time="2.417"/>
  <testcase classname="api.test.StoreTests" name="testPostStore" time="1.308"/>
  <testcase classname="api.test.StoreTests" name="testGetStoreById" time="1.179"/>
  <testcase classname="api.test.StoreTests" name="testDeleteStoreById" time="2.364"/>
  <testcase classname="api.test.StoreTests2" name="testPostStore" time="1.279"/>
  <testcase classname="api.test.StoreTests2" name="testGetStoreById" time="1.214"/>
  <testcase classname="api.test.StoreTests2" name="testDeleteStoreById" time="2.399"/>
  <testcase classname="api.test.DDTestsStore" name="testCreateOrder" time="1.201"/>
  <testcase classname="api.test.DDTestsStore" name="testCreateOrder" time="1.195"/>
  <testcase classname="api.test.DDTestsStore" name="testCreateOrder" time="1.212"/>
  <testcase classname="api.test.DDTestsStore" name="testDeleteOrderById" time="2.336"/>
</testsuite> <!-- PetTests -->
