<?xml version="1.0" encoding="UTF-8"?>
<!-- Generated by org.testng.reporters.JUnitXMLReporter -->
<testsuite ignored="0" hostname="DESKTOP-A7D4RAN" failures="0" tests="12" name="PetTests" time="28.168" errors="0" timestamp="2025-07-19T19:54:06 IST">
  <testcase classname="api.test.PetTests" name="testDeletePetbyId" time="5.931"/>
  <testcase classname="api.test.PetTests" name="testUpdatePet" time="2.037"/>
  <testcase classname="api.test.PetTests" name="testPostPet" time="1.197"/>
  <testcase classname="api.test.PetTests" name="testGetPetById" time="1.236"/>
  <testcase classname="api.test.PetTests2" name="testDeletePetbyId" time="2.449"/>
  <testcase classname="api.test.PetTests2" name="testUpdatePet" time="1.234"/>
  <testcase classname="api.test.PetTests2" name="testPostPet" time="1.197"/>
  <testcase classname="api.test.PetTests2" name="testGetPetById" time="1.254"/>
  <testcase classname="api.test.DDTestsPet" name="testCreatePet" time="1.215"/>
  <testcase classname="api.test.DDTestsPet" name="testCreatePet" time="1.252"/>
  <testcase classname="api.test.DDTestsPet" name="testCreatePet" time="1.232"/>
  <testcase classname="api.test.DDTestsPet" name="testDeletePetById" time="2.442"/>
</testsuite> <!-- PetTests -->
